Log file open, 05/07/17 13:46:42
LogInit:Display: Running engine for game: BuildingEscape
LogPlatformFile: Not using cached read wrapper
LogInit:Display: RandInit(1363714780) SRandInit(1363714780).
LogTaskGraph: Started task graph with 5 named threads and 12 total threads with 1 sets of task threads.
LogStats: Stats thread started at 0.127964
LogInit: Using libcurl 7.47.1
LogInit:  - built for x86_64-pc-win32
LogInit:  - supports SSL with OpenSSL/1.0.2g
LogInit:  - supports HTTP deflate (compression) using libz 1.2.8
LogInit:  - other features:
LogInit:      CURL_VERSION_SSL
LogInit:      CURL_VERSION_LIBZ
LogInit:      CURL_VERSION_IPV6
LogInit:      CURL_VERSION_ASYNCHDNS
LogInit:      CURL_VERSION_LARGEFILE
LogInit:      CURL_VERSION_IDN
LogInit:  CurlRequestOptions (configurable via config and command line):
LogInit:  - bVerifyPeer = false  - Libcurl will NOT verify peer certificate
LogInit:  - bUseHttpProxy = false  - Libcurl will NOT use HTTP proxy
LogInit:  - bDontReuseConnections = false  - Libcurl will reuse connections
LogInit:  - CertBundlePath = nullptr  - Libcurl will use whatever was configured at build time.
LogInit: Build: ++UE4+Release-4.15-CL-3416026
LogInit: Engine Version: 4.15.2-3416026+++UE4+Release-4.15
LogInit: Compatible Engine Version: 4.15.0-3299760+++UE4+Release-4.15
LogInit: Net CL: 3299760
LogDevObjectVersion: Number of dev versions registered: 14
LogDevObjectVersion:   Dev-Blueprints (B0D832E4-1F89-4F0D-ACCF-7EB736FD4AA2): 8
LogDevObjectVersion:   Dev-Build (E1C64328-A22C-4D53-A36C-8E866417BD8C): 0
LogDevObjectVersion:   Dev-Core (375EC13C-06E4-48FB-B500-84F0262A717E): 2
LogDevObjectVersion:   Dev-Editor (E4B068ED-F494-42E9-A231-DA0B2E46BB41): 14
LogDevObjectVersion:   Dev-Framework (CFFC743F-43B0-4480-9391-14DF171D2073): 22
LogDevObjectVersion:   Dev-Mobile (B02B49B5-BB20-44E9-A304-32B752E40360): 0
LogDevObjectVersion:   Dev-Networking (A4E4105C-59A1-49B5-A7C5-40C4547EDFEE): 0
LogDevObjectVersion:   Dev-Online (39C831C9-5AE6-47DC-9A44-9C173E1C8E7C): 0
LogDevObjectVersion:   Dev-Physics (78F01B33-EBEA-4F98-B9B4-84EACCB95AA2): 0
LogDevObjectVersion:   Dev-Platform (6631380F-2D4D-43E0-8009-CF276956A95A): 0
LogDevObjectVersion:   Dev-Rendering (12F88B9F-8875-4AFC-A67C-D90C383ABD29): 12
LogDevObjectVersion:   Dev-Sequencer (7B5AE74C-D270-4C10-A958-57980B212A5A): 3
LogDevObjectVersion:   Dev-VR (D7296918-1DD6-4BDD-9DE2-64A83CC13884): 0
LogDevObjectVersion:   Dev-LoadTimes (C2A15278-BFE7-4AFE-6C17-90FF531DF755): 1
LogInit: Compiled (64-bit): May  1 2017 13:11:28
LogInit: Compiled with Visual C++: 19.00.23026.00
LogInit: Build Configuration: Development
LogInit: Branch Name: ++UE4+Release-4.15
LogInit: Command line: -EpicPortal 
LogInit: Base directory: C:/Program Files/Epic Games/UE_4.15/Engine/Binaries/Win64/
LogInit: Installed Engine Build: 1
LogInit: Presizing for max 8388607 objects, including 0 objects not considered by GC, pre-allocating 0 bytes for permanent pool.
LogInit: Object subsystem initialized
[2017.05.07-17.46.43:645][  0]LogInit: Selected Device Profile: [Windows]
[2017.05.07-17.46.43:645][  0]LogInit: Applying CVar settings loaded from the selected device profile: [Windows]
[2017.05.07-17.46.43:662][  0]LogInit: Computer: DESKMONSTER-66O
[2017.05.07-17.46.43:662][  0]LogInit: User: delta
[2017.05.07-17.46.43:662][  0]LogInit: CPU Page size=65536, Cores=8
[2017.05.07-17.46.43:662][  0]LogInit: High frequency timer resolution =3.557775 MHz
[2017.05.07-17.46.43:662][  0]LogMemory: Memory total: Physical=15.9GB (16GB approx)
[2017.05.07-17.46.43:662][  0]LogMemory: Platform Memory Stats for Windows
[2017.05.07-17.46.43:662][  0]LogMemory: Process Physical Memory: 263.88 MB used, 263.88 MB peak
[2017.05.07-17.46.43:662][  0]LogMemory: Process Virtual Memory: 266.09 MB used, 266.09 MB peak
[2017.05.07-17.46.43:662][  0]LogMemory: Physical Memory: 4127.63 MB used,  12189.36 MB free, 16316.99 MB total
[2017.05.07-17.46.43:662][  0]LogMemory: Virtual Memory: 652.62 MB used,  12189.36 MB free, 134217728.00 MB total
[2017.05.07-17.46.43:742][  0]LogTextLocalizationManager: No specific translations for ('en-US') exist, so ('en') translations will be used.
[2017.05.07-17.46.44:362][  0]LogD3D11RHI: D3D11 adapters:
[2017.05.07-17.46.44:837][  0]LogD3D11RHI:    0. 'NVIDIA GeForce GTX 1070' (Feature Level 11_0)
[2017.05.07-17.46.44:837][  0]LogD3D11RHI:       8119/0/8158 MB DedicatedVideo/DedicatedSystem/SharedSystem, Outputs:1, VendorId:0x10de
[2017.05.07-17.46.44:839][  0]LogD3D11RHI:    1. 'Microsoft Basic Render Driver' (Feature Level 11_0)
[2017.05.07-17.46.44:839][  0]LogD3D11RHI:       0/0/8158 MB DedicatedVideo/DedicatedSystem/SharedSystem, Outputs:0, VendorId:0x1414
[2017.05.07-17.46.44:839][  0]LogD3D11RHI: Chosen D3D11 Adapter: 0
[2017.05.07-17.46.44:846][  0]LogD3D11RHI: Creating new Direct3DDevice
[2017.05.07-17.46.44:846][  0]LogD3D11RHI:     GPU DeviceId: 0x1b81 (for the marketing name, search the web for "GPU Device Id")
[2017.05.07-17.46.44:846][  0]LogWindows: EnumDisplayDevices:
[2017.05.07-17.46.44:846][  0]LogWindows:    0. 'NVIDIA GeForce GTX 1070' (P:1 D:1)
[2017.05.07-17.46.44:846][  0]LogWindows:    1. 'NVIDIA GeForce GTX 1070' (P:0 D:0)
[2017.05.07-17.46.44:846][  0]LogWindows:    2. 'NVIDIA GeForce GTX 1070' (P:0 D:0)
[2017.05.07-17.46.44:846][  0]LogWindows:    3. 'NVIDIA GeForce GTX 1070' (P:0 D:0)
[2017.05.07-17.46.44:846][  0]LogWindows: DebugString: FoundDriverCount:4 
[2017.05.07-17.46.44:846][  0]LogD3D11RHI:     Adapter Name: NVIDIA GeForce GTX 1070
[2017.05.07-17.46.44:846][  0]LogD3D11RHI:   Driver Version: 381.65 (internal:22.21.13.8165, unified:381.65)
[2017.05.07-17.46.44:846][  0]LogD3D11RHI:      Driver Date: 3-31-2017
[2017.05.07-17.46.44:846][  0]LogRHI: Texture pool is 1361 MB (70% of 1945 MB)
[2017.05.07-17.46.45:294][  0]LogD3D11RHI: [Aftermath] Aftermath enabled and primed
[2017.05.07-17.46.45:294][  0]LogD3D11RHI: Async texture creation enabled
[2017.05.07-17.46.45:391][  0]LogD3D11RHI: GPU Timing Frequency: 1000.000000 (Debug: 2 1)
[2017.05.07-17.46.45:440][  0]LogShaderCompilers: Guid format shader working directory is -20 characters bigger than the processId version (../../../../../../Users/delta/Desktop/Repos/URCuric/BuildingEscape/Intermediate/Shaders/WorkingDirectory/4464/).
[2017.05.07-17.46.45:440][  0]LogShaderCompilers: Cleaned the shader compiler working directory 'C:/Users/delta/AppData/Local/Temp/UnrealShaderWorkingDir/645FE67C4DA4C2670537898D9EC179D2/'.
[2017.05.07-17.46.45:440][  0]LogShaderCompilers:Display: Using Local Shader Compiler.
[2017.05.07-17.46.46:480][  0]LogTemp:Display: Loaded TP AllDesktopTargetPlatform
[2017.05.07-17.46.46:539][  0]LogTemp:Display: Loaded TP MacClientTargetPlatform
[2017.05.07-17.46.46:599][  0]LogTemp:Display: Loaded TP MacNoEditorTargetPlatform
[2017.05.07-17.46.46:658][  0]LogTemp:Display: Loaded TP MacServerTargetPlatform
[2017.05.07-17.46.46:719][  0]LogTemp:Display: Loaded TP MacTargetPlatform
[2017.05.07-17.46.46:780][  0]LogTemp:Display: Loaded TP WindowsClientTargetPlatform
[2017.05.07-17.46.46:845][  0]LogTemp:Display: Loaded TP WindowsNoEditorTargetPlatform
[2017.05.07-17.46.46:914][  0]LogTemp:Display: Loaded TP WindowsServerTargetPlatform
[2017.05.07-17.46.46:968][  0]LogTemp:Display: Loaded TP WindowsTargetPlatform
[2017.05.07-17.46.47:027][  0]LogTemp:Display: Loaded TP AndroidTargetPlatform
[2017.05.07-17.46.47:085][  0]LogTemp:Display: Loaded TP Android_ASTCTargetPlatform
[2017.05.07-17.46.47:143][  0]LogTemp:Display: Loaded TP Android_ATCTargetPlatform
[2017.05.07-17.46.47:203][  0]LogTemp:Display: Loaded TP Android_DXTTargetPlatform
[2017.05.07-17.46.47:261][  0]LogTemp:Display: Loaded TP Android_ETC1TargetPlatform
[2017.05.07-17.46.47:324][  0]LogTemp:Display: Loaded TP Android_ETC2TargetPlatform
[2017.05.07-17.46.47:453][  0]LogTemp:Display: Loaded TP Android_MultiTargetPlatform
[2017.05.07-17.46.47:453][  0]LogTemp:Display: Loaded TP Android_PVRTCTargetPlatform
[2017.05.07-17.46.47:500][  0]LogTemp:Display: Loaded TP HTML5TargetPlatform
[2017.05.07-17.46.47:613][  0]LogTemp:Display: Loaded TP IOSTargetPlatform
[2017.05.07-17.46.47:657][  0]LogTemp:Display: Loaded TP TVOSTargetPlatform
[2017.05.07-17.46.47:720][  0]LogTemp:Display: Loaded TP LinuxClientTargetPlatform
[2017.05.07-17.46.47:782][  0]LogTemp:Display: Loaded TP LinuxNoEditorTargetPlatform
[2017.05.07-17.46.47:844][  0]LogTemp:Display: Loaded TP LinuxServerTargetPlatform
[2017.05.07-17.46.47:905][  0]LogTemp:Display: Loaded TP LinuxTargetPlatform
[2017.05.07-17.46.47:905][  0]LogTargetPlatformManager:Display: Building Assets For Windows
[2017.05.07-17.46.48:424][  0]LogDerivedDataCache:Display: Max Cache Size: 512 MB
[2017.05.07-17.46.48:482][  0]LogDerivedDataCache: Loaded boot cache 0.06s 50MB C:/Users/delta/AppData/Local/UnrealEngine/4.15/DerivedDataCache/Boot.ddc.
[2017.05.07-17.46.48:482][  0]LogDerivedDataCache:Display: Loaded Boot cache: C:/Users/delta/AppData/Local/UnrealEngine/4.15/DerivedDataCache/Boot.ddc
[2017.05.07-17.46.48:482][  0]LogDerivedDataCache: FDerivedDataBackendGraph:  Pak pak cache file ../../../../../../Users/delta/Desktop/Repos/URCuric/BuildingEscape/DerivedDataCache/DDC.ddp not found, will not use a pak cache.
[2017.05.07-17.46.48:482][  0]LogDerivedDataCache: Unable to find inner node Pak for hierarchical cache Hierarchy.
[2017.05.07-17.46.48:482][  0]LogDerivedDataCache: FDerivedDataBackendGraph:  CompressedPak pak cache file ../../../../../../Users/delta/Desktop/Repos/URCuric/BuildingEscape/DerivedDataCache/Compressed.ddp not found, will not use a pak cache.
[2017.05.07-17.46.48:482][  0]LogDerivedDataCache: Unable to find inner node CompressedPak for hierarchical cache Hierarchy.
[2017.05.07-17.46.48:501][  0]LogDerivedDataCache:Display: Pak cache opened for reading ../../../Engine/DerivedDataCache/Compressed.ddp.
[2017.05.07-17.46.48:513][  0]LogDerivedDataCache: Using Local data cache path C:/Users/delta/AppData/Local/UnrealEngine/Common/DerivedDataCache: Writable
[2017.05.07-17.46.48:524][  0]LogSlate: Using Freetype 2.6.0
[2017.05.07-17.46.48:524][  0]LogSlate: SlateFontCache - WITH_FREETYPE: 1, WITH_HARFBUZZ: 1
[2017.05.07-17.46.48:525][  0]LogSlate: SlateFontCache - WITH_FREETYPE: 1, WITH_HARFBUZZ: 1
[2017.05.07-17.46.48:805][  0]LogInit: Selected Device Profile: [Windows]
[2017.05.07-17.46.48:807][  0]LogContentStreaming: Texture pool size is 0.00 MB
[2017.05.07-17.46.49:008][  0]LogMeshUtilities: Using QuadricMeshReduction for automatic static mesh reduction
[2017.05.07-17.46.49:056][  0]LogSimplygon: Simplygon DLL not present - disabling.
[2017.05.07-17.46.49:112][  0]LogMeshUtilities: Using SimplygonSwarm for distributed automatic mesh merging
[2017.05.07-17.46.49:112][  0]LogMeshUtilities: No automatic skeletal mesh reduction module available
[2017.05.07-17.46.49:112][  0]LogMeshUtilities: No automatic mesh merging module available
[2017.05.07-17.46.49:616][  0]LogNetVersion: GetLocalNetworkVersion: CL: 3299760, ProjectName: buildingescape, ProjectVersion: , EngineNetworkVersion: 2, GameNetworkVersion: 0, NetworkChecksum: 4140618008
[2017.05.07-17.46.49:665][  0]LogAssetRegistry: FAssetRegistry took 0.0216 seconds to start up
[2017.05.07-17.46.49:723][  0]LogPackageLocalizationCache: Processed 3 localized package path(s) for 2 prioritized culture(s) in 0.032260 seconds
[2017.05.07-17.46.49:728][  0]LogUObjectArray: 32493 objects as part of root set at end of initial load.
[2017.05.07-17.46.49:728][  0]LogUObjectAllocator: 7077032 out of 0 bytes used by permanent object pool.
[2017.05.07-17.46.49:728][  0]LogUObjectArray: CloseDisregardForGC: 0/0 objects in disregard for GC pool
[2017.05.07-17.46.49:796][  0]LogInit: WinSock: version 1.1 (2.2), MaxSocks=32767, MaxUdp=65467
[2017.05.07-17.46.51:448][  0]LogTcpMessaging: Initializing TcpMessaging bridge
[2017.05.07-17.46.51:492][  0]LogUdpMessaging: Initializing bridge on interface 0.0.0.0:0 to multicast group 230.0.0.1:6666.
[2017.05.07-17.46.52:028][  0]LogMaterial: Uniform references updated for custom material expression Custom.
[2017.05.07-17.46.52:425][  0]SourceControl: Info Source control is disabled
[2017.05.07-17.46.52:426][  0]SourceControl: Info Source control is disabled
[2017.05.07-17.46.52:480][  0]SourceControl: Info Source control is disabled
[2017.05.07-17.46.52:530][  0]SourceControl: Info Source control is disabled
[2017.05.07-17.46.53:908][  0]LogEngine: Initializing Engine...
[2017.05.07-17.46.53:908][  0]LogHMD: Failed to initialize OpenVR with code 110
[2017.05.07-17.46.54:006][  0]LogStats: UGameplayTagsManager::ConstructGameplayTagTree: Construct from data asset -  0.000 s
[2017.05.07-17.46.54:006][  0]LogStats: UGameplayTagsManager::ConstructGameplayTagTree: GameplayTagTreeChangedEvent.Broadcast -  0.000 s
[2017.05.07-17.46.54:137][  0]LogAIModule: Creating AISystem for world Untitled
[2017.05.07-17.46.54:146][  0]LogInit: XAudio2 using 'Headset Earphone (2- ASTRO Wireless Transmitter )' : 2 channels at 48 kHz using 16 bits per sample (channel mask 0x3)
[2017.05.07-17.46.54:156][  0]LogInit: FAudioDevice initialized.
[2017.05.07-17.46.54:187][  0]LogDerivedDataCache: Saved boot cache 0.03s 50MB C:/Users/delta/AppData/Local/UnrealEngine/4.15/DerivedDataCache/Boot.ddc.
[2017.05.07-17.46.54:200][  0]LogInit: Texture streaming: Enabled
[2017.05.07-17.46.54:311][  0]LogEngineSessionManager: EngineSessionManager initialized
[2017.05.07-17.46.54:438][  0]LogInit: Transaction tracking system initialized
[2017.05.07-17.46.54:823][  0]BlueprintLog: New page: Editor Load
[2017.05.07-17.46.55:834][  0]LocalizationService: Info Localization service is disabled
[2017.05.07-17.46.56:605][  0]LogConsoleResponse:Display: 
[2017.05.07-17.46.56:726][  0]LogCook:Display: Max memory allowance for cook 16384mb min free memory 0mb
[2017.05.07-17.46.56:726][  0]LogCook:Display: Mobile HDR setting 1
[2017.05.07-17.46.57:114][  0]LogFileCache: Scanning file cache for directory 'C:/Users/delta/Desktop/Repos/URCuric/BuildingEscape/Content/' took 0.01s
[2017.05.07-17.46.57:950][  0]SourceControl: Info Source control is disabled
[2017.05.07-17.46.58:017][  0]LogSlate: Took 0.000314 seconds to synchronously load lazily loaded font '../../../Engine/Content/Slate/Fonts/Roboto-Regular.ttf' (155K)
[2017.05.07-17.47.04:198][  0]LogWindowsTextInputMethodSystem:Display: IME system now deactivated.
[2017.05.07-17.47.04:203][  0]LogWindowsTextInputMethodSystem:Display: IME system now deactivated.
[2017.05.07-17.47.04:204][  0]Cmd: MAP LOAD FILE="../../../../../../Users/delta/Desktop/Repos/URCuric/BuildingEscape/Content/StarterContent/Maps/StarterMap.umap" TEMPLATE=0 SHOWPROGRESS=1 FEATURELEVEL=3
[2017.05.07-17.47.04:205][  0]LightingResults: New page: Lighting Build
[2017.05.07-17.47.04:252][  0]MapCheck: New page: Map Check
[2017.05.07-17.47.04:252][  0]LightingResults: New page: Lighting Build
[2017.05.07-17.47.06:935][  0]LogAIModule: Creating AISystem for world StarterMap
[2017.05.07-17.47.07:009][  0]LogEditorServer: Finished looking for orphan Actors (0.000 secs)
[2017.05.07-17.47.07:010][  0]Cmd: MAP CHECKDEP NOCLEARLOG
[2017.05.07-17.47.07:096][  0]MapCheck: Info Map check complete: 0 Error(s), 0 Warning(s), took 85.512ms to complete.
[2017.05.07-17.47.07:096][  0]LogFileHelpers: Loading map 'StarterMap' took 2.891
[2017.05.07-17.47.07:218][  0]LogStats:Warning: MetaData mismatch. Did you assign a stat to two groups? New //STATGROUP_Threads//SplashScreenThread///Thread_3908_0///####STATCAT_Advanced#### old //STATGROUP_Threads//SplashScreenThread///Thread_9d0_0///####STATCAT_Advanced####
[2017.05.07-17.47.07:218][  0]LogCollectionManager: Loaded 0 collections in 0.002117 seconds
[2017.05.07-17.47.07:298][  0]LogFileCache: Scanning file cache for directory 'C:/Users/delta/Desktop/Repos/URCuric/BuildingEscape/Saved/Collections/' took 0.01s
[2017.05.07-17.47.07:298][  0]LogFileCache: Scanning file cache for directory 'C:/Users/delta/Desktop/Repos/URCuric/BuildingEscape/Content/Developers/delta/Collections/' took 0.01s
[2017.05.07-17.47.07:298][  0]LogFileCache: Scanning file cache for directory 'C:/Users/delta/Desktop/Repos/URCuric/BuildingEscape/Content/Collections/' took 0.01s
[2017.05.07-17.47.07:298][  0]LogCollectionManager: Rebuilt the GUID cache for 0 collections in 0.000001 seconds
[2017.05.07-17.47.07:310][  0]LogContentBrowser: Native class hierarchy populated in 0.0118 seconds. Added 2247 classes and 455 folders.
[2017.05.07-17.47.07:380][  0]LogContentBrowser: Native class hierarchy updated for 'WidgetCarousel' in 0.0022 seconds. Added 0 classes and 0 folders.
[2017.05.07-17.47.07:434][  0]LogContentBrowser: Native class hierarchy updated for 'AddContentDialog' in 0.0021 seconds. Added 0 classes and 0 folders.
[2017.05.07-17.47.07:484][  0]LogContentBrowser: Native class hierarchy updated for 'SceneOutliner' in 0.0022 seconds. Added 1 classes and 2 folders.
[2017.05.07-17.47.07:534][  0]LogCrashTracker: Crashtracker disabled due to settings.
[2017.05.07-17.47.07:541][  0]LogUObjectGlobals:Warning: Failed to find object 'Class None.'
[2017.05.07-17.47.07:612][  0]LogContentBrowser: Native class hierarchy updated for 'HierarchicalLODOutliner' in 0.0021 seconds. Added 1 classes and 2 folders.
[2017.05.07-17.47.07:612][  0]LogLoad: (Engine Initialization) Total time: 26.83 seconds
[2017.05.07-17.47.07:612][  0]LogLoad: (Engine Initialization) Total Blueprint compile time: 0.12 seconds
[2017.05.07-17.47.07:612][  0]LogExternalProfiler: No external profilers were discovered.  External profiling features will not be available.
[2017.05.07-17.47.07:622][  0]LogOcInput: OculusInput pre-init called
[2017.05.07-17.47.07:643][  0]LogContentStreaming: Texture pool size now 1000 MB
[2017.05.07-17.47.07:645][  0]LogSlate: Took 0.000218 seconds to synchronously load lazily loaded font '../../../Engine/Content/Slate/Fonts/Roboto-Bold.ttf' (160K)
[2017.05.07-17.47.07:651][  0]LogSlate: Took 0.000234 seconds to synchronously load lazily loaded font '../../../Engine/Content/Editor/Slate/Fonts/FontAwesome.ttf' (139K)
[2017.05.07-17.47.07:651][  0]LogSlate: Took 0.000107 seconds to synchronously load lazily loaded font '../../../Engine/Content/Editor/Slate/Fonts/DroidSansMono.ttf' (77K)
[2017.05.07-17.47.07:823][  0]LogRenderer: Reallocating scene render targets to support 1208x576 NumSamples 1 (Frame:2).
[2017.05.07-17.47.08:033][  1]LogAssetRegistry: Asset discovery search completed in 18.3900 seconds
[2017.05.07-17.47.08:033][  1]LogCollectionManager: Rebuilt the object cache for 0 collections in 0.000004 seconds (found 0 objects)
[2017.05.07-17.47.08:033][  1]LogCollectionManager: Fixed up redirectors for 0 collections in 0.000104 seconds (updated 0 objects)
[2017.05.07-17.47.13:012][481]LogEditorViewport: Clicking on Actor (context menu): StaticMeshActor (Floor_11)
[2017.05.07-17.47.13:892][563]LogEditorViewport: Clicking on Actor (LMB): StaticMeshActor (Floor_37)
[2017.05.07-17.47.14:783][648]LogEditorViewport: Clicking on Actor (context menu): BP_Sky_Sphere_C (BP_Sky_Shere)
[2017.05.07-17.47.16:288][815]LogEditorViewport: Clicking on Actor (LMB): StaticMeshActor (Floor_3)
[2017.05.07-17.47.17:211][904]LogEditorViewport: Clicking on Actor (LMB): BP_Sky_Sphere_C (BP_Sky_Shere)
[2017.05.07-17.47.18:883][ 67]LogEditorViewport: Clicking on Actor (LMB): BP_Sky_Sphere_C (BP_Sky_Shere)
[2017.05.07-17.47.19:860][167]LogEditorViewport: Clicking on Actor (LMB): StaticMeshActor (Floor_3)
[2017.05.07-17.47.20:453][222]LogEditorViewport: Clicking on Actor (LMB): StaticMeshActor (Floor_4)
[2017.05.07-17.47.24:992][691]LogSlate: Took 0.000216 seconds to synchronously load lazily loaded font '../../../Engine/Content/Slate/Fonts/Roboto-Light.ttf' (159K)
[2017.05.07-17.47.27:473][951]LogSlate: Took 0.000161 seconds to synchronously load lazily loaded font '../../../Engine/Content/Slate/Fonts/Roboto-Light.ttf' (159K)
[2017.05.07-17.47.27:495][951]LogAIModule: Creating AISystem for world Section_2_Chair_Rock
[2017.05.07-17.47.27:513][951]Cmd: MAP LOAD FILE="../../../../../../Users/delta/Desktop/Repos/URCuric/BuildingEscape/Content/Scenes/Section_2_Chair_Rock.umap" TEMPLATE=0 SHOWPROGRESS=1 FEATURELEVEL=3
[2017.05.07-17.47.27:513][951]LightingResults: New page: Lighting Build
[2017.05.07-17.47.27:515][951]LoadErrors: New page: Loading map: Section_2_Chair_Rock.umap
[2017.05.07-17.47.27:517][951]MapCheck: New page: Map Check
[2017.05.07-17.47.27:517][951]LightingResults: New page: Lighting Build
[2017.05.07-17.47.27:530][951]LogEditorServer: Finished looking for orphan Actors (0.000 secs)
[2017.05.07-17.47.27:546][951]Cmd: MAP CHECKDEP NOCLEARLOG
[2017.05.07-17.47.27:617][951]MapCheck: Info Map check complete: 0 Error(s), 0 Warning(s), took 70.296ms to complete.
[2017.05.07-17.47.27:617][951]LogFileHelpers: Loading map 'Section_2_Chair_Rock' took 0.105
[2017.05.07-17.47.28:791][ 86]LogEditorViewport: Clicking on Actor (context menu): StaticMeshActor (Floor)
[2017.05.07-17.47.29:696][175]LogEditorViewport: Clicking on Actor (LMB): StaticMeshActor (Floor)
[2017.05.07-17.47.30:488][268]LogEditorViewport: Clicking on Actor (LMB): StaticMeshActor (SM_Rock)
[2017.05.07-17.47.31:120][336]LogEditorViewport: Clicking on Actor (LMB): BP_Sky_Sphere_C (Sky Sphere)
[2017.05.07-17.47.32:502][496]LogEditorViewport: Clicking on Actor (LMB): StaticMeshActor (Floor)
[2017.05.07-17.47.36:661][985]LogEditorViewport: Clicking on Actor (LMB): StaticMeshActor (Floor)
[2017.05.07-17.47.38:719][228]LogEditorViewport: Clicking on Actor (context menu): StaticMeshActor (Floor)
[2017.05.07-17.47.39:308][295]LogEditorViewport: Clicking on Actor (LMB): BP_Sky_Sphere_C (Sky Sphere)
[2017.05.07-17.47.40:172][393]LogEditorViewport: Clicking on Actor (LMB): BP_Sky_Sphere_C (Sky Sphere)
[2017.05.07-17.48.05:236][873]Recompiling BuildingEscape...
[2017.05.07-17.48.05:236][873]Launching UnrealBuildTool... [C:/Program Files/Epic Games/UE_4.15/Engine/Binaries/DotNET/UnrealBuildTool.exe BuildingEscape -ModuleWithSuffix BuildingEscape 7396 Win64 Development -editorrecompile -canskiplink "C:/Users/delta/Desktop/Repos/URCuric/BuildingEscape/BuildingEscape.uproject" ]
[2017.05.07-17.48.05:237][873]Warning: Starting HotReload took  0.0s.
[2017.05.07-17.48.13:837][835]CompilerResultsLog: New page: Compilation - May 7, 2017, 9:48:13 AM
[2017.05.07-17.48.13:837][835]CompilerResultsLog: Info Compiling game modules for hot reload
[2017.05.07-17.48.13:837][835]CompilerResultsLog: Info Parsing headers for BuildingEscapeEditor
[2017.05.07-17.48.13:837][835]CompilerResultsLog: Info   Running UnrealHeaderTool "C:\Users\delta\Desktop\Repos\URCuric\BuildingEscape\BuildingEscape.uproject" "C:\Users\delta\Desktop\Repos\URCuric\BuildingEscape\Intermediate\Build\Win64\BuildingEscapeEditor\Development\BuildingEscapeEditor.uhtmanifest" -LogCmds="loginit warning, logexit warning, logdatabase error" -Unattended -WarningsAsErrors -installed
[2017.05.07-17.48.13:837][835]CompilerResultsLog: Info Reflection code generated for BuildingEscapeEditor in 3.610185 seconds
[2017.05.07-17.48.13:838][835]CompilerResultsLog: Info Performing 3 actions (12 in parallel)
[2017.05.07-17.48.13:838][835]CompilerResultsLog: Info PositionReport.cpp
[2017.05.07-17.48.13:838][835]CompilerResultsLog: Info [2/3] Link UE4Editor-BuildingEscape-7396.dll
[2017.05.07-17.48.13:838][835]CompilerResultsLog: Info [3/3] Link UE4Editor-BuildingEscape-7396.lib
[2017.05.07-17.48.13:838][835]CompilerResultsLog: Info    Creating library C:\Users\delta\Desktop\Repos\URCuric\BuildingEscape\Intermediate\Build\Win64\UE4Editor\Development\UE4Editor-BuildingEscape-7396.lib and object C:\Users\delta\Desktop\Repos\URCuric\BuildingEscape\Intermediate\Build\Win64\UE4Editor\Development\UE4Editor-BuildingEscape-7396.exp
[2017.05.07-17.48.13:838][835]CompilerResultsLog: Info    Creating library C:\Users\delta\Desktop\Repos\URCuric\BuildingEscape\Intermediate\Build\Win64\UE4Editor\Development\UE4Editor-BuildingEscape-7396.suppressed.lib and object C:\Users\delta\Desktop\Repos\URCuric\BuildingEscape\Intermediate\Build\Win64\UE4Editor\Development\UE4Editor-BuildingEscape-7396.suppressed.exp
[2017.05.07-17.48.13:838][835]CompilerResultsLog: Info Total build time: 8.31 seconds (Local executor: 2.37 seconds)
[2017.05.07-17.48.13:838][835]LogMainFrame: MainFrame: Module compiling took 8.606 seconds
[2017.05.07-17.48.13:986][835]LogContentBrowser: Native class hierarchy updated for 'BuildingEscape' in 0.0028 seconds. Added 2 classes and 2 folders.
[2017.05.07-17.48.13:989][835]Display: HotReload successful (0 functions remapped  0 scriptstructs remapped)
[2017.05.07-17.48.14:106][835]LogContentBrowser: Native class hierarchy populated in 0.0119 seconds. Added 2249 classes and 459 folders.
[2017.05.07-17.48.14:107][835]Display: HotReload took  8.9s.
[2017.05.07-17.48.15:636][ 17]LogTemp: Repeting last play command: Selected Viewport
[2017.05.07-17.48.15:645][ 17]LogPlayLevel: PlayLevel: No blueprints needed recompiling
[2017.05.07-17.48.15:646][ 17]PIE: New page: PIE session: Section_2_Chair_Rock (May 7, 2017, 9:48:15 AM)
[2017.05.07-17.48.15:646][ 17]LogPlayLevel: Creating play world package: /Game/Scenes/UEDPIE_0_Section_2_Chair_Rock
[2017.05.07-17.48.15:648][ 17]LogPlayLevel: PIE: StaticDuplicateObject took: (0.002048s)
[2017.05.07-17.48.15:649][ 17]LogAIModule: Creating AISystem for world Section_2_Chair_Rock
[2017.05.07-17.48.15:649][ 17]LogPlayLevel: PIE: World Init took: (0.001012s)
[2017.05.07-17.48.15:649][ 17]LogPlayLevel: PIE: Created PIE world by copying editor world from /Game/Scenes/Section_2_Chair_Rock.Section_2_Chair_Rock to /Game/Scenes/UEDPIE_0_Section_2_Chair_Rock.Section_2_Chair_Rock (0.003527s)
[2017.05.07-17.48.15:662][ 17]LogInit: XAudio2 using 'Headset Earphone (2- ASTRO Wireless Transmitter )' : 2 channels at 48 kHz using 16 bits per sample (channel mask 0x3)
[2017.05.07-17.48.15:668][ 17]LogInit: FAudioDevice initialized.
[2017.05.07-17.48.15:713][ 17]LogUObjectGlobals:Warning: Failed to find object 'Class /Script/BuildingEscape.BuildingEscapeGameMode'
[2017.05.07-17.48.15:713][ 17]LogLoad: Game class is 'GameModeBase'
[2017.05.07-17.48.15:715][ 17]LogWorld: Bringing World /Game/Scenes/UEDPIE_0_Section_2_Chair_Rock.Section_2_Chair_Rock up for play (max tick rate 0) at 2017.05.07-13.48.15
[2017.05.07-17.48.15:715][ 17]LogWorld: Bringing up level for play took: 0.001008
[2017.05.07-17.48.15:773][ 17]LogContentBrowser: Native class hierarchy updated for 'MovieSceneCapture' in 0.0021 seconds. Added 11 classes and 0 folders.
[2017.05.07-17.48.15:774][ 17]LogTemp:Warning: SM_Chair_2
[2017.05.07-17.48.15:774][ 17]PIE: Info Play in editor start time for /Game/Scenes/UEDPIE_0_Section_2_Chair_Rock 0.638
[2017.05.07-17.50.34:678][995]Recompiling BuildingEscape...
[2017.05.07-17.50.34:678][995]Launching UnrealBuildTool... [C:/Program Files/Epic Games/UE_4.15/Engine/Binaries/DotNET/UnrealBuildTool.exe BuildingEscape -ModuleWithSuffix BuildingEscape 2200 Win64 Development -editorrecompile -canskiplink "C:/Users/delta/Desktop/Repos/URCuric/BuildingEscape/BuildingEscape.uproject" ]
[2017.05.07-17.50.34:679][995]Warning: Starting HotReload took  0.0s.
[2017.05.07-17.50.43:235][  5]CompilerResultsLog: New page: Compilation - May 7, 2017, 9:50:43 AM
[2017.05.07-17.50.43:235][  5]CompilerResultsLog: Info Compiling game modules for hot reload
[2017.05.07-17.50.43:235][  5]CompilerResultsLog: Info Parsing headers for BuildingEscapeEditor
[2017.05.07-17.50.43:235][  5]CompilerResultsLog: Info   Running UnrealHeaderTool "C:\Users\delta\Desktop\Repos\URCuric\BuildingEscape\BuildingEscape.uproject" "C:\Users\delta\Desktop\Repos\URCuric\BuildingEscape\Intermediate\Build\Win64\BuildingEscapeEditor\Development\BuildingEscapeEditor.uhtmanifest" -LogCmds="loginit warning, logexit warning, logdatabase error" -Unattended -WarningsAsErrors -installed
[2017.05.07-17.50.43:236][  5]CompilerResultsLog: Info Reflection code generated for BuildingEscapeEditor in 3.6216607 seconds
[2017.05.07-17.50.43:236][  5]CompilerResultsLog: Info Performing 3 actions (12 in parallel)
[2017.05.07-17.50.43:236][  5]CompilerResultsLog: Info PositionReport.cpp
[2017.05.07-17.50.43:236][  5]CompilerResultsLog: Info [2/3] Link UE4Editor-BuildingEscape-2200.dll
[2017.05.07-17.50.43:236][  5]CompilerResultsLog: Info [3/3] Link UE4Editor-BuildingEscape-2200.lib
[2017.05.07-17.50.43:236][  5]CompilerResultsLog: Info    Creating library C:\Users\delta\Desktop\Repos\URCuric\BuildingEscape\Intermediate\Build\Win64\UE4Editor\Development\UE4Editor-BuildingEscape-2200.lib and object C:\Users\delta\Desktop\Repos\URCuric\BuildingEscape\Intermediate\Build\Win64\UE4Editor\Development\UE4Editor-BuildingEscape-2200.exp
[2017.05.07-17.50.43:236][  5]CompilerResultsLog: Info    Creating library C:\Users\delta\Desktop\Repos\URCuric\BuildingEscape\Intermediate\Build\Win64\UE4Editor\Development\UE4Editor-BuildingEscape-2200.suppressed.lib and object C:\Users\delta\Desktop\Repos\URCuric\BuildingEscape\Intermediate\Build\Win64\UE4Editor\Development\UE4Editor-BuildingEscape-2200.suppressed.exp
[2017.05.07-17.50.43:236][  5]CompilerResultsLog: Info Total build time: 8.27 seconds (Local executor: 2.36 seconds)
[2017.05.07-17.50.43:236][  5]LogMainFrame: MainFrame: Module compiling took 8.560 seconds
[2017.05.07-17.50.43:306][  5]LogContentBrowser: Native class hierarchy updated for 'BuildingEscape' in 0.0022 seconds. Added 2 classes and 2 folders.
[2017.05.07-17.50.43:307][  5]Display: HotReload successful (0 functions remapped  0 scriptstructs remapped)
[2017.05.07-17.50.43:337][  5]LogContentBrowser: Native class hierarchy populated in 0.0119 seconds. Added 2249 classes and 459 folders.
[2017.05.07-17.50.43:337][  5]Display: HotReload took  8.7s.
[2017.05.07-17.50.45:808][300]LogTemp: Repeting last play command: Selected Viewport
[2017.05.07-17.50.45:819][300]LogPlayLevel: PlayLevel: No blueprints needed recompiling
[2017.05.07-17.50.45:819][300]PIE: New page: PIE session: Section_2_Chair_Rock (May 7, 2017, 9:50:45 AM)
[2017.05.07-17.50.45:819][300]LogPlayLevel: Creating play world package: /Game/Scenes/UEDPIE_0_Section_2_Chair_Rock
[2017.05.07-17.50.45:821][300]LogPlayLevel: PIE: StaticDuplicateObject took: (0.001828s)
[2017.05.07-17.50.45:822][300]LogAIModule: Creating AISystem for world Section_2_Chair_Rock
[2017.05.07-17.50.45:822][300]LogPlayLevel: PIE: World Init took: (0.001042s)
[2017.05.07-17.50.45:822][300]LogPlayLevel: PIE: Created PIE world by copying editor world from /Game/Scenes/Section_2_Chair_Rock.Section_2_Chair_Rock to /Game/Scenes/UEDPIE_0_Section_2_Chair_Rock.Section_2_Chair_Rock (0.003347s)
[2017.05.07-17.50.45:835][300]LogInit: XAudio2 using 'Headset Earphone (2- ASTRO Wireless Transmitter )' : 2 channels at 48 kHz using 16 bits per sample (channel mask 0x3)
[2017.05.07-17.50.45:841][300]LogInit: FAudioDevice initialized.
[2017.05.07-17.50.45:869][300]LogLoad: Game class is 'GameModeBase'
[2017.05.07-17.50.45:870][300]LogWorld: Bringing World /Game/Scenes/UEDPIE_0_Section_2_Chair_Rock.Section_2_Chair_Rock up for play (max tick rate 0) at 2017.05.07-13.50.45
[2017.05.07-17.50.45:871][300]LogWorld: Bringing up level for play took: 0.000915
[2017.05.07-17.50.45:872][300]LogTemp:Warning: SM_Chair_2 at X=0.000 Y=150.000 Z=20.000
[2017.05.07-17.50.45:872][300]PIE: Info Play in editor start time for /Game/Scenes/UEDPIE_0_Section_2_Chair_Rock 0.737
[2017.05.07-17.57.36:666][ 32]LogSlate: Took 0.000216 seconds to synchronously load lazily loaded font '../../../Engine/Content/Slate/Fonts/Roboto-Light.ttf' (159K)
[2017.05.07-17.57.45:771][ 59]LogSavePackage: Save=50.03ms
[2017.05.07-17.57.45:771][ 59]LogSavePackage: Moving '../../../../../../Users/delta/Desktop/Repos/URCuric/BuildingEscape/Saved/Section_2_Chair_Rock_Auto1B461414445EE7868F2414BBFD7CD9290.tmp' to '../../../../../../Users/delta/Desktop/Repos/URCuric/BuildingEscape/Saved/Autosaves/Game/Scenes/Section_2_Chair_Rock_Auto1.umap'
[2017.05.07-17.57.45:773][ 59]LogSavePackage:Display: Finished SavePackage ../../../../../../Users/delta/Desktop/Repos/URCuric/BuildingEscape/Saved/Autosaves/Game/Scenes/Section_2_Chair_Rock_Auto1.umap
[2017.05.07-17.57.45:778][ 59]LogFileHelpers: Editor autosave (incl. sublevels) for '/Game/Scenes/Section_2_Chair_Rock' took 0.085
[2017.05.07-17.57.45:779][ 59]LogFileHelpers: Editor autosave (incl. sublevels) for all levels took 0.085
[2017.05.07-17.58.33:346][985]LogActorFactory: Actor Factory created SM_DoorFrame
[2017.05.07-17.58.35:529][234]LogActorFactory: Actor Factory created SM_DoorFrame
[2017.05.07-17.58.36:450][294]LogActorFactory: Actor Factory created SM_Door
[2017.05.07-17.58.38:456][509]LogActorFactory: Actor Factory created SM_Door
[2017.05.07-17.59.16:591][302]LogSlate: Took 0.000254 seconds to synchronously load lazily loaded font '../../../Engine/Content/Editor/Slate/Fonts/Roboto-Italic.ttf' (157K)
[2017.05.07-17.59.21:844][917]LogSlate: Took 0.000198 seconds to synchronously load lazily loaded font '../../../Engine/Content/Editor/Slate/Fonts/Roboto-BoldCondensed.ttf' (158K)
[2017.05.07-17.59.34:044][917]Running C:/Program Files/Epic Games/UE_4.15/Engine/Binaries/DotNET/UnrealBuildTool.exe BuildingEscape Win64 Development -editorrecompile "C:/Users/delta/Desktop/Repos/URCuric/BuildingEscape/BuildingEscape.uproject" -invalidatemakefilesonly
[2017.05.07-17.59.34:347][917]Invalidating makefiles only in this run.
[2017.05.07-17.59.34:460][917]Recompiling BuildingEscape...
[2017.05.07-17.59.34:460][917]Launching UnrealBuildTool... [C:/Program Files/Epic Games/UE_4.15/Engine/Binaries/DotNET/UnrealBuildTool.exe BuildingEscape -ModuleWithSuffix BuildingEscape 4337 Win64 Development -editorrecompile -canskiplink "C:/Users/delta/Desktop/Repos/URCuric/BuildingEscape/BuildingEscape.uproject" ]
[2017.05.07-17.59.35:266][917]LogSlate: Took 0.000157 seconds to synchronously load lazily loaded font '../../../Engine/Content/Slate/Fonts/Roboto-Regular.ttf' (155K)
[2017.05.07-17.59.42:577][917]CompilerResultsLog: New page: Compilation - May 7, 2017, 9:59:42 AM
[2017.05.07-17.59.42:578][917]CompilerResultsLog: Info Compiling game modules for hot reload
[2017.05.07-17.59.42:578][917]CompilerResultsLog: Info Parsing headers for BuildingEscapeEditor
[2017.05.07-17.59.42:578][917]CompilerResultsLog: Info   Running UnrealHeaderTool "C:\Users\delta\Desktop\Repos\URCuric\BuildingEscape\BuildingEscape.uproject" "C:\Users\delta\Desktop\Repos\URCuric\BuildingEscape\Intermediate\Build\Win64\BuildingEscapeEditor\Development\BuildingEscapeEditor.uhtmanifest" -LogCmds="loginit warning, logexit warning, logdatabase error" -Unattended -WarningsAsErrors -installed
[2017.05.07-17.59.42:578][917]CompilerResultsLog: Info Reflection code generated for BuildingEscapeEditor in 3.2144278 seconds
[2017.05.07-17.59.42:579][917]CompilerResultsLog: Info Performing 4 actions (12 in parallel)
[2017.05.07-17.59.42:579][917]CompilerResultsLog: Info BuildingEscape.generated.cpp
[2017.05.07-17.59.42:579][917]CompilerResultsLog: Info OpenDoor.cpp
[2017.05.07-17.59.42:579][917]CompilerResultsLog: Info [3/4] Link UE4Editor-BuildingEscape-4337.dll
[2017.05.07-17.59.42:579][917]CompilerResultsLog: Info [4/4] Link UE4Editor-BuildingEscape-4337.lib
[2017.05.07-17.59.42:579][917]CompilerResultsLog: Info    Creating library C:\Users\delta\Desktop\Repos\URCuric\BuildingEscape\Intermediate\Build\Win64\UE4Editor\Development\UE4Editor-BuildingEscape-4337.lib and object C:\Users\delta\Desktop\Repos\URCuric\BuildingEscape\Intermediate\Build\Win64\UE4Editor\Development\UE4Editor-BuildingEscape-4337.exp
[2017.05.07-17.59.42:580][917]CompilerResultsLog: Info    Creating library C:\Users\delta\Desktop\Repos\URCuric\BuildingEscape\Intermediate\Build\Win64\UE4Editor\Development\UE4Editor-BuildingEscape-4337.suppressed.lib and object C:\Users\delta\Desktop\Repos\URCuric\BuildingEscape\Intermediate\Build\Win64\UE4Editor\Development\UE4Editor-BuildingEscape-4337.suppressed.exp
[2017.05.07-17.59.42:580][917]CompilerResultsLog: Info Total build time: 7.80 seconds (Local executor: 2.45 seconds)
[2017.05.07-17.59.42:580][917]LogMainFrame: MainFrame: Module compiling took 8.124 seconds
[2017.05.07-17.59.42:656][917]LogClass: Could not find existing class OpenDoor in package /Script/BuildingEscape for HotReload, assuming new class
[2017.05.07-17.59.42:661][917]LogContentBrowser: Native class hierarchy updated for 'BuildingEscape' in 0.0021 seconds. Added 3 classes and 2 folders.
[2017.05.07-17.59.42:662][917]Display: HotReload successful (0 functions remapped  0 scriptstructs remapped)
[2017.05.07-17.59.42:694][917]LogContentBrowser: Native class hierarchy populated in 0.0121 seconds. Added 2250 classes and 459 folders.
[2017.05.07-17.59.42:694][917]Display: HotReload took  8.2s.
[2017.05.07-17.59.42:695][917]Warning: HotReload operation took  8.2s.
[2017.05.07-17.59.43:394][917]LogVSAccessor:Warning: Couldn't goto line number '0' in 'C:/Users/delta/Desktop/Repos/URCuric/BuildingEscape/Source/BuildingEscape/OpenDoor.h'
[2017.05.07-17.59.43:464][917]LogVSAccessor:Warning: Couldn't goto line number '0' in 'C:/Users/delta/Desktop/Repos/URCuric/BuildingEscape/Source/BuildingEscape/OpenDoor.cpp'
[2017.05.07-17.59.43:522][918]LogHotReload: New module detected: UE4Editor-BuildingEscape-4337.dll
[2017.05.07-17.59.43:538][919]LogHotReload: Starting Hot-Reload from IDE
[2017.05.07-17.59.43:618][919]LogContentBrowser: Native class hierarchy updated for 'BuildingEscape' in 0.0021 seconds. Added 3 classes and 2 folders.
[2017.05.07-17.59.43:620][919]Display: HotReload successful (0 functions remapped  0 scriptstructs remapped)
[2017.05.07-17.59.43:634][919]LogContentBrowser: Native class hierarchy populated in 0.0121 seconds. Added 2250 classes and 459 folders.
[2017.05.07-17.59.43:637][919]Display: HotReload took  0.1s.
[2017.05.07-18.06.46:396][746]LogHotReload: New module detected: UE4Editor-BuildingEscape-3439.dll
[2017.05.07-18.06.47:076][749]LogHotReload: Starting Hot-Reload from IDE
[2017.05.07-18.06.47:174][749]LogContentBrowser: Native class hierarchy updated for 'BuildingEscape' in 0.0023 seconds. Added 3 classes and 2 folders.
[2017.05.07-18.06.47:175][749]Display: HotReload successful (0 functions remapped  0 scriptstructs remapped)
[2017.05.07-18.06.47:206][749]LogContentBrowser: Native class hierarchy populated in 0.0119 seconds. Added 2250 classes and 459 folders.
[2017.05.07-18.06.47:209][749]Display: HotReload took  0.1s.
[2017.05.07-18.07.10:646][549]LogTemp: Repeting last play command: Selected Viewport
[2017.05.07-18.07.10:657][549]LogPlayLevel: PlayLevel: No blueprints needed recompiling
[2017.05.07-18.07.10:657][549]PIE: New page: PIE session: Section_2_Chair_Rock (May 7, 2017, 10:07:10 AM)
[2017.05.07-18.07.10:657][549]LogPlayLevel: Creating play world package: /Game/Scenes/UEDPIE_0_Section_2_Chair_Rock
[2017.05.07-18.07.10:659][549]LogPlayLevel: PIE: StaticDuplicateObject took: (0.002145s)
[2017.05.07-18.07.10:660][549]LogAIModule: Creating AISystem for world Section_2_Chair_Rock
[2017.05.07-18.07.10:660][549]LogPlayLevel: PIE: World Init took: (0.000915s)
[2017.05.07-18.07.10:661][549]LogPlayLevel: PIE: Created PIE world by copying editor world from /Game/Scenes/Section_2_Chair_Rock.Section_2_Chair_Rock to /Game/Scenes/UEDPIE_0_Section_2_Chair_Rock.Section_2_Chair_Rock (0.003366s)
[2017.05.07-18.07.10:676][549]LogInit: XAudio2 using 'Headset Earphone (2- ASTRO Wireless Transmitter )' : 2 channels at 48 kHz using 16 bits per sample (channel mask 0x3)
[2017.05.07-18.07.10:683][549]LogInit: FAudioDevice initialized.
[2017.05.07-18.07.10:716][549]LogLoad: Game class is 'GameModeBase'
[2017.05.07-18.07.10:717][549]LogWorld: Bringing World /Game/Scenes/UEDPIE_0_Section_2_Chair_Rock.Section_2_Chair_Rock up for play (max tick rate 0) at 2017.05.07-14.07.10
[2017.05.07-18.07.10:718][549]LogWorld: Bringing up level for play took: 0.000840
[2017.05.07-18.07.10:719][549]LogTemp:Warning: 
[2017.05.07-18.07.10:719][549]LogTemp:Warning: SM_Rock_5 at X=-40.000 Y=-230.000 Z=20.000
[2017.05.07-18.07.10:719][549]LogTemp:Warning: SM_Chair_2 at X=0.000 Y=150.000 Z=20.000
[2017.05.07-18.07.10:719][549]PIE: Info Play in editor start time for /Game/Scenes/UEDPIE_0_Section_2_Chair_Rock -0.417
[2017.05.07-18.07.37:652][710]LogTemp: Repeting last play command: Selected Viewport
[2017.05.07-18.07.37:662][710]LogPlayLevel: PlayLevel: No blueprints needed recompiling
[2017.05.07-18.07.37:662][710]PIE: New page: PIE session: Section_2_Chair_Rock (May 7, 2017, 10:07:37 AM)
[2017.05.07-18.07.37:663][710]LogPlayLevel: Creating play world package: /Game/Scenes/UEDPIE_0_Section_2_Chair_Rock
[2017.05.07-18.07.37:665][710]LogPlayLevel: PIE: StaticDuplicateObject took: (0.001926s)
[2017.05.07-18.07.37:666][710]LogAIModule: Creating AISystem for world Section_2_Chair_Rock
[2017.05.07-18.07.37:666][710]LogPlayLevel: PIE: World Init took: (0.001010s)
[2017.05.07-18.07.37:666][710]LogPlayLevel: PIE: Created PIE world by copying editor world from /Game/Scenes/Section_2_Chair_Rock.Section_2_Chair_Rock to /Game/Scenes/UEDPIE_0_Section_2_Chair_Rock.Section_2_Chair_Rock (0.003395s)
[2017.05.07-18.07.37:679][710]LogInit: XAudio2 using 'Headset Earphone (2- ASTRO Wireless Transmitter )' : 2 channels at 48 kHz using 16 bits per sample (channel mask 0x3)
[2017.05.07-18.07.37:685][710]LogInit: FAudioDevice initialized.
[2017.05.07-18.07.37:712][710]LogLoad: Game class is 'GameModeBase'
[2017.05.07-18.07.37:714][710]LogWorld: Bringing World /Game/Scenes/UEDPIE_0_Section_2_Chair_Rock.Section_2_Chair_Rock up for play (max tick rate 0) at 2017.05.07-14.07.37
[2017.05.07-18.07.37:714][710]LogWorld: Bringing up level for play took: 0.000969
[2017.05.07-18.07.37:715][710]LogTemp:Warning: 
[2017.05.07-18.07.37:715][710]LogTemp:Warning: SM_Rock_5 at X=-40.000 Y=-230.000 Z=20.000
[2017.05.07-18.07.37:715][710]LogTemp:Warning: SM_Chair_2 at X=0.000 Y=150.000 Z=20.000
[2017.05.07-18.07.37:715][710]PIE: Info Play in editor start time for /Game/Scenes/UEDPIE_0_Section_2_Chair_Rock 0.58
[2017.05.07-18.07.45:280][480]Recompiling BuildingEscape...
[2017.05.07-18.07.45:280][480]Launching UnrealBuildTool... [C:/Program Files/Epic Games/UE_4.15/Engine/Binaries/DotNET/UnrealBuildTool.exe BuildingEscape -ModuleWithSuffix BuildingEscape 5863 Win64 Development -editorrecompile -canskiplink "C:/Users/delta/Desktop/Repos/URCuric/BuildingEscape/BuildingEscape.uproject" ]
[2017.05.07-18.07.45:282][480]Warning: Starting HotReload took  0.0s.
[2017.05.07-18.07.53:860][495]CompilerResultsLog: New page: Compilation - May 7, 2017, 10:07:53 AM
[2017.05.07-18.07.53:860][495]CompilerResultsLog: Info Compiling game modules for hot reload
[2017.05.07-18.07.53:860][495]CompilerResultsLog: Info Parsing headers for BuildingEscapeEditor
[2017.05.07-18.07.53:860][495]CompilerResultsLog: Info   Running UnrealHeaderTool "C:\Users\delta\Desktop\Repos\URCuric\BuildingEscape\BuildingEscape.uproject" "C:\Users\delta\Desktop\Repos\URCuric\BuildingEscape\Intermediate\Build\Win64\BuildingEscapeEditor\Development\BuildingEscapeEditor.uhtmanifest" -LogCmds="loginit warning, logexit warning, logdatabase error" -Unattended -WarningsAsErrors -installed
[2017.05.07-18.07.53:861][495]CompilerResultsLog: Info Reflection code generated for BuildingEscapeEditor in 3.6939488 seconds
[2017.05.07-18.07.53:861][495]CompilerResultsLog: Info Performing 3 actions (12 in parallel)
[2017.05.07-18.07.53:861][495]CompilerResultsLog: Info OpenDoor.cpp
[2017.05.07-18.07.53:861][495]CompilerResultsLog: Info [2/3] Link UE4Editor-BuildingEscape-5863.dll
[2017.05.07-18.07.53:861][495]CompilerResultsLog: Info [3/3] Link UE4Editor-BuildingEscape-5863.lib
[2017.05.07-18.07.53:861][495]CompilerResultsLog: Info    Creating library C:\Users\delta\Desktop\Repos\URCuric\BuildingEscape\Intermediate\Build\Win64\UE4Editor\Development\UE4Editor-BuildingEscape-5863.lib and object C:\Users\delta\Desktop\Repos\URCuric\BuildingEscape\Intermediate\Build\Win64\UE4Editor\Development\UE4Editor-BuildingEscape-5863.exp
[2017.05.07-18.07.53:862][495]CompilerResultsLog: Info    Creating library C:\Users\delta\Desktop\Repos\URCuric\BuildingEscape\Intermediate\Build\Win64\UE4Editor\Development\UE4Editor-BuildingEscape-5863.suppressed.lib and object C:\Users\delta\Desktop\Repos\URCuric\BuildingEscape\Intermediate\Build\Win64\UE4Editor\Development\UE4Editor-BuildingEscape-5863.suppressed.exp
[2017.05.07-18.07.53:862][495]CompilerResultsLog: Info Total build time: 8.30 seconds (Local executor: 2.25 seconds)
[2017.05.07-18.07.53:862][495]LogMainFrame: MainFrame: Module compiling took 8.586 seconds
[2017.05.07-18.07.53:939][495]LogContentBrowser: Native class hierarchy updated for 'BuildingEscape' in 0.0023 seconds. Added 3 classes and 2 folders.
[2017.05.07-18.07.53:940][495]Display: HotReload successful (0 functions remapped  0 scriptstructs remapped)
[2017.05.07-18.07.53:972][495]LogContentBrowser: Native class hierarchy populated in 0.0125 seconds. Added 2250 classes and 459 folders.
[2017.05.07-18.07.53:972][495]Display: HotReload took  8.7s.
[2017.05.07-18.07.57:880][962]LogTemp: Repeting last play command: Selected Viewport
[2017.05.07-18.07.57:898][962]LogPlayLevel: PlayLevel: No blueprints needed recompiling
[2017.05.07-18.07.57:898][962]PIE: New page: PIE session: Section_2_Chair_Rock (May 7, 2017, 10:07:57 AM)
[2017.05.07-18.07.57:898][962]LogPlayLevel: Creating play world package: /Game/Scenes/UEDPIE_0_Section_2_Chair_Rock
[2017.05.07-18.07.57:900][962]LogPlayLevel: PIE: StaticDuplicateObject took: (0.001982s)
[2017.05.07-18.07.57:901][962]LogAIModule: Creating AISystem for world Section_2_Chair_Rock
[2017.05.07-18.07.57:901][962]LogPlayLevel: PIE: World Init took: (0.000889s)
[2017.05.07-18.07.57:901][962]LogPlayLevel: PIE: Created PIE world by copying editor world from /Game/Scenes/Section_2_Chair_Rock.Section_2_Chair_Rock to /Game/Scenes/UEDPIE_0_Section_2_Chair_Rock.Section_2_Chair_Rock (0.003127s)
[2017.05.07-18.07.57:916][962]LogInit: XAudio2 using 'Headset Earphone (2- ASTRO Wireless Transmitter )' : 2 channels at 48 kHz using 16 bits per sample (channel mask 0x3)
[2017.05.07-18.07.57:921][962]LogInit: FAudioDevice initialized.
[2017.05.07-18.07.57:949][962]LogLoad: Game class is 'GameModeBase'
[2017.05.07-18.07.57:952][962]LogWorld: Bringing World /Game/Scenes/UEDPIE_0_Section_2_Chair_Rock.Section_2_Chair_Rock up for play (max tick rate 0) at 2017.05.07-14.07.57
[2017.05.07-18.07.57:952][962]LogWorld: Bringing up level for play took: 0.000840
[2017.05.07-18.07.57:953][962]LogTemp:Warning: X=0.000000000 Y=-0.000000000 Z=0.000000416 W=1.000000000
[2017.05.07-18.07.57:953][962]LogTemp:Warning: SM_Rock_5 at X=-40.000 Y=-230.000 Z=20.000
[2017.05.07-18.07.57:953][962]LogTemp:Warning: SM_Chair_2 at X=0.000 Y=150.000 Z=20.000
[2017.05.07-18.07.57:953][962]PIE: Info Play in editor start time for /Game/Scenes/UEDPIE_0_Section_2_Chair_Rock 0.817
[2017.05.07-18.08.26:621][277]Recompiling BuildingEscape...
[2017.05.07-18.08.26:621][277]Launching UnrealBuildTool... [C:/Program Files/Epic Games/UE_4.15/Engine/Binaries/DotNET/UnrealBuildTool.exe BuildingEscape -ModuleWithSuffix BuildingEscape 1199 Win64 Development -editorrecompile -canskiplink "C:/Users/delta/Desktop/Repos/URCuric/BuildingEscape/BuildingEscape.uproject" ]
[2017.05.07-18.08.26:623][277]Warning: Starting HotReload took  0.0s.
[2017.05.07-18.08.35:127][281]CompilerResultsLog: New page: Compilation - May 7, 2017, 10:08:35 AM
[2017.05.07-18.08.35:127][281]CompilerResultsLog: Info Compiling game modules for hot reload
[2017.05.07-18.08.35:127][281]CompilerResultsLog: Info Parsing headers for BuildingEscapeEditor
[2017.05.07-18.08.35:127][281]CompilerResultsLog: Info   Running UnrealHeaderTool "C:\Users\delta\Desktop\Repos\URCuric\BuildingEscape\BuildingEscape.uproject" "C:\Users\delta\Desktop\Repos\URCuric\BuildingEscape\Intermediate\Build\Win64\BuildingEscapeEditor\Development\BuildingEscapeEditor.uhtmanifest" -LogCmds="loginit warning, logexit warning, logdatabase error" -Unattended -WarningsAsErrors -installed
[2017.05.07-18.08.35:128][281]CompilerResultsLog: Info Reflection code generated for BuildingEscapeEditor in 3.6111811 seconds
[2017.05.07-18.08.35:128][281]CompilerResultsLog: Info Performing 3 actions (12 in parallel)
[2017.05.07-18.08.35:128][281]CompilerResultsLog: Info OpenDoor.cpp
[2017.05.07-18.08.35:128][281]CompilerResultsLog: Info [2/3] Link UE4Editor-BuildingEscape-1199.dll
[2017.05.07-18.08.35:128][281]CompilerResultsLog: Info [3/3] Link UE4Editor-BuildingEscape-1199.lib
[2017.05.07-18.08.35:128][281]CompilerResultsLog: Info    Creating library C:\Users\delta\Desktop\Repos\URCuric\BuildingEscape\Intermediate\Build\Win64\UE4Editor\Development\UE4Editor-BuildingEscape-1199.lib and object C:\Users\delta\Desktop\Repos\URCuric\BuildingEscape\Intermediate\Build\Win64\UE4Editor\Development\UE4Editor-BuildingEscape-1199.exp
[2017.05.07-18.08.35:128][281]CompilerResultsLog: Info    Creating library C:\Users\delta\Desktop\Repos\URCuric\BuildingEscape\Intermediate\Build\Win64\UE4Editor\Development\UE4Editor-BuildingEscape-1199.suppressed.lib and object C:\Users\delta\Desktop\Repos\URCuric\BuildingEscape\Intermediate\Build\Win64\UE4Editor\Development\UE4Editor-BuildingEscape-1199.suppressed.exp
[2017.05.07-18.08.35:129][281]CompilerResultsLog: Info Total build time: 8.22 seconds (Local executor: 2.24 seconds)
[2017.05.07-18.08.35:129][281]LogMainFrame: MainFrame: Module compiling took 8.511 seconds
[2017.05.07-18.08.35:199][281]LogContentBrowser: Native class hierarchy updated for 'BuildingEscape' in 0.0022 seconds. Added 3 classes and 2 folders.
[2017.05.07-18.08.35:200][281]Display: HotReload successful (0 functions remapped  0 scriptstructs remapped)
[2017.05.07-18.08.35:231][281]LogContentBrowser: Native class hierarchy populated in 0.0119 seconds. Added 2250 classes and 459 folders.
[2017.05.07-18.08.35:232][281]Display: HotReload took  8.6s.
[2017.05.07-18.08.37:386][538]LogTemp: Repeting last play command: Selected Viewport
[2017.05.07-18.08.37:396][538]LogPlayLevel: PlayLevel: No blueprints needed recompiling
[2017.05.07-18.08.37:396][538]PIE: New page: PIE session: Section_2_Chair_Rock (May 7, 2017, 10:08:37 AM)
[2017.05.07-18.08.37:396][538]LogPlayLevel: Creating play world package: /Game/Scenes/UEDPIE_0_Section_2_Chair_Rock
[2017.05.07-18.08.37:398][538]LogPlayLevel: PIE: StaticDuplicateObject took: (0.001766s)
[2017.05.07-18.08.37:399][538]LogAIModule: Creating AISystem for world Section_2_Chair_Rock
[2017.05.07-18.08.37:399][538]LogPlayLevel: PIE: World Init took: (0.000938s)
[2017.05.07-18.08.37:400][538]LogPlayLevel: PIE: Created PIE world by copying editor world from /Game/Scenes/Section_2_Chair_Rock.Section_2_Chair_Rock to /Game/Scenes/UEDPIE_0_Section_2_Chair_Rock.Section_2_Chair_Rock (0.003176s)
[2017.05.07-18.08.37:413][538]LogInit: XAudio2 using 'Headset Earphone (2- ASTRO Wireless Transmitter )' : 2 channels at 48 kHz using 16 bits per sample (channel mask 0x3)
[2017.05.07-18.08.37:420][538]LogInit: FAudioDevice initialized.
[2017.05.07-18.08.37:447][538]LogLoad: Game class is 'GameModeBase'
[2017.05.07-18.08.37:449][538]LogWorld: Bringing World /Game/Scenes/UEDPIE_0_Section_2_Chair_Rock.Section_2_Chair_Rock up for play (max tick rate 0) at 2017.05.07-14.08.37
[2017.05.07-18.08.37:449][538]LogWorld: Bringing up level for play took: 0.000979
[2017.05.07-18.08.37:450][538]LogTemp:Warning: X=0.000000000 Y=-0.000000000 Z=0.000000416 W=1.000000000
[2017.05.07-18.08.37:450][538]LogTemp:Warning: SM_Rock_5 at X=-40.000 Y=-230.000 Z=20.000
[2017.05.07-18.08.37:450][538]LogTemp:Warning: SM_Chair_2 at X=0.000 Y=150.000 Z=20.000
[2017.05.07-18.08.37:450][538]PIE: Info Play in editor start time for /Game/Scenes/UEDPIE_0_Section_2_Chair_Rock 0.315
[2017.05.07-18.08.44:075][315]LogTemp: Repeting last play command: Selected Viewport
[2017.05.07-18.08.44:086][315]LogPlayLevel: PlayLevel: No blueprints needed recompiling
[2017.05.07-18.08.44:086][315]PIE: New page: PIE session: Section_2_Chair_Rock (May 7, 2017, 10:08:44 AM)
[2017.05.07-18.08.44:086][315]LogPlayLevel: Creating play world package: /Game/Scenes/UEDPIE_0_Section_2_Chair_Rock
[2017.05.07-18.08.44:088][315]LogPlayLevel: PIE: StaticDuplicateObject took: (0.001799s)
[2017.05.07-18.08.44:088][315]LogAIModule: Creating AISystem for world Section_2_Chair_Rock
[2017.05.07-18.08.44:089][315]LogPlayLevel: PIE: World Init took: (0.000884s)
[2017.05.07-18.08.44:089][315]LogPlayLevel: PIE: Created PIE world by copying editor world from /Game/Scenes/Section_2_Chair_Rock.Section_2_Chair_Rock to /Game/Scenes/UEDPIE_0_Section_2_Chair_Rock.Section_2_Chair_Rock (0.002963s)
[2017.05.07-18.08.44:104][315]LogInit: XAudio2 using 'Headset Earphone (2- ASTRO Wireless Transmitter )' : 2 channels at 48 kHz using 16 bits per sample (channel mask 0x3)
[2017.05.07-18.08.44:111][315]LogInit: FAudioDevice initialized.
[2017.05.07-18.08.44:146][315]LogLoad: Game class is 'GameModeBase'
[2017.05.07-18.08.44:147][315]LogWorld: Bringing World /Game/Scenes/UEDPIE_0_Section_2_Chair_Rock.Section_2_Chair_Rock up for play (max tick rate 0) at 2017.05.07-14.08.44
[2017.05.07-18.08.44:148][315]LogWorld: Bringing up level for play took: 0.000902
[2017.05.07-18.08.44:149][315]LogTemp:Warning: X=0.000000000 Y=-0.000000000 Z=0.000000416 W=1.000000000
[2017.05.07-18.08.44:149][315]LogTemp:Warning: SM_Rock_5 at X=-40.000 Y=-230.000 Z=20.000
[2017.05.07-18.08.44:149][315]LogTemp:Warning: SM_Chair_2 at X=0.000 Y=150.000 Z=20.000
[2017.05.07-18.08.44:149][315]PIE: Info Play in editor start time for /Game/Scenes/UEDPIE_0_Section_2_Chair_Rock 1.014
[2017.05.07-18.09.10:572][573]LogSavePackage: Save=33.56ms
[2017.05.07-18.09.10:572][573]LogSavePackage: Moving '../../../../../../Users/delta/Desktop/Repos/URCuric/BuildingEscape/Saved/Section_2_Chair_Rock_Auto2BC345DDB4632B87E857CBDA5C72FE220.tmp' to '../../../../../../Users/delta/Desktop/Repos/URCuric/BuildingEscape/Saved/Autosaves/Game/Scenes/Section_2_Chair_Rock_Auto2.umap'
[2017.05.07-18.09.10:574][573]LogSavePackage:Display: Finished SavePackage ../../../../../../Users/delta/Desktop/Repos/URCuric/BuildingEscape/Saved/Autosaves/Game/Scenes/Section_2_Chair_Rock_Auto2.umap
[2017.05.07-18.09.10:580][573]LogFileHelpers: Editor autosave (incl. sublevels) for '/Game/Scenes/Section_2_Chair_Rock' took 0.060
[2017.05.07-18.09.10:580][573]LogFileHelpers: Editor autosave (incl. sublevels) for all levels took 0.060
[2017.05.07-18.30.19:890][446]LogSavePackage: Save=41.95ms
[2017.05.07-18.30.19:890][446]LogSavePackage: Moving '../../../../../../Users/delta/Desktop/Repos/URCuric/BuildingEscape/Saved/Section_2_Chair_Rock152526BE4B63E58C5300029B50F65F1B.tmp' to '../../../../../../Users/delta/Desktop/Repos/URCuric/BuildingEscape/Content/Scenes/Section_2_Chair_Rock.umap'
[2017.05.07-18.30.19:897][446]LogSavePackage:Display: Finished SavePackage ../../../../../../Users/delta/Desktop/Repos/URCuric/BuildingEscape/Content/Scenes/Section_2_Chair_Rock.umap
[2017.05.07-18.30.19:927][446]LogFileHelpers: Saving map 'Section_2_Chair_Rock' took 0.175
[2017.05.07-18.30.19:931][446]Cmd: MAP LOAD FILE="../../../Engine/Content/Maps/Templates/Template_Default.umap" TEMPLATE=1 SHOWPROGRESS=1 FEATURELEVEL=3
[2017.05.07-18.30.19:941][446]LightingResults: New page: Lighting Build
[2017.05.07-18.30.19:943][446]LoadErrors: New page: Loading map: Template_Default.umap
[2017.05.07-18.30.19:944][446]MapCheck: New page: Map Check
[2017.05.07-18.30.19:944][446]LightingResults: New page: Lighting Build
[2017.05.07-18.30.19:961][446]LogAIModule: Creating AISystem for world Untitled_1
[2017.05.07-18.30.19:962][446]LogActorComponent: RegisterComponentWithWorld: (/Temp/Untitled_1.Untitled_1:PersistentLevel.WorldSettings_1.StaticMeshComponent0) Trying to register component with IsPendingKill() == true. Aborting.
[2017.05.07-18.30.19:965][446]LogEditorServer: Finished looking for orphan Actors (0.000 secs)
[2017.05.07-18.30.19:970][446]Cmd: MAP CHECKDEP NOCLEARLOG
[2017.05.07-18.30.20:041][446]MapCheck: Info Map check complete: 0 Error(s), 0 Warning(s), took 70.341ms to complete.
[2017.05.07-18.30.20:041][446]LogFileHelpers: Loading map 'Template_Default' took 0.111
[2017.05.07-18.30.46:787][107]Cmd: OBJ SAVEPACKAGE PACKAGE="/Game/Scenes/Room" FILE="../../../../../../Users/delta/Desktop/Repos/URCuric/BuildingEscape/Content/Scenes/Room.umap" SILENT=true AUTOSAVING=false KEEPDIRTY=false
[2017.05.07-18.30.46:838][107]LogSavePackage: Save=36.37ms
[2017.05.07-18.30.46:838][107]LogSavePackage: Moving '../../../../../../Users/delta/Desktop/Repos/URCuric/BuildingEscape/Saved/RoomB4452648478976B143461B82EABB10AA.tmp' to '../../../../../../Users/delta/Desktop/Repos/URCuric/BuildingEscape/Content/Scenes/Room.umap'
[2017.05.07-18.30.46:839][107]LogSavePackage:Display: Finished SavePackage ../../../../../../Users/delta/Desktop/Repos/URCuric/BuildingEscape/Content/Scenes/Room.umap
[2017.05.07-18.30.46:859][107]LogFileHelpers: Saving map 'Room' took 7.554
[2017.05.07-18.31.08:426][681]LogContentBrowser:Verbose: The majority of assets in the view are of type: Class
[2017.05.07-18.31.29:626][818]LogActorFactory: Actor Factory created SM_Door
[2017.05.07-18.31.31:023][981]LogActorFactory: Actor Factory created SM_Door
[2017.05.07-18.31.32:994][143]LogActorFactory: Actor Factory created SM_DoorFrame
[2017.05.07-18.31.35:206][386]LogActorFactory: Actor Factory created SM_DoorFrame
[2017.05.07-18.31.45:036][548]LogEditorViewport: Clicking on Actor (LMB): StaticMeshActor (SM_DoorFrame)
[2017.05.07-18.31.45:523][605]LogEditorViewport: Clicking on Actor (LMB): StaticMeshActor (SM_Door)
[2017.05.07-18.31.56:885][846]LogEditorViewport: Clicking on Actor (LMB): StaticMeshActor (SM_Door)
[2017.05.07-18.32.02:820][479]LogEditorViewport: Clicking on Actor (LMB): BP_Sky_Sphere_C (Sky Sphere)
[2017.05.07-18.32.13:806][627]EditorErrors: New page: Actor attachment
[2017.05.07-18.32.55:077][892]LogActorFactory: Actor Factory created Wall_500x500
[2017.05.07-18.32.56:263][ 10]LogActorFactory: Actor Factory created Wall_500x500
[2017.05.07-18.32.57:794][172]LogActorFactory: Actor Factory created Wall_Door_400x300
[2017.05.07-18.32.58:651][254]LogActorFactory: Actor Factory created Wall_Door_400x300
[2017.05.07-18.33.19:358][713]LogEditorViewport: Clicking on Actor (LMB): StaticMeshActor (SM_Door)
[2017.05.07-18.33.27:026][623]LogEditorViewport: Clicking on Actor (LMB): BP_Sky_Sphere_C (Sky Sphere)
[2017.05.07-18.33.28:557][799]LogEditorViewport: Clicking on Actor (LMB): StaticMeshActor (SM_DoorFrame)
[2017.05.07-18.33.34:173][453]Cmd: TRANSACTION UNDO
[2017.05.07-18.33.34:173][453]LogEditorTransaction: Undo Move Actors
[2017.05.07-18.33.45:396][767]Cmd: TRANSACTION UNDO
[2017.05.07-18.33.45:396][767]LogEditorTransaction: Undo Move Actors
[2017.05.07-18.33.46:115][847]LogEditorViewport: Clicking on Actor (LMB): BP_Sky_Sphere_C (Sky Sphere)
[2017.05.07-18.33.47:183][970]LogEditorViewport: Clicking on Actor (LMB): StaticMeshActor (SM_Door)
[2017.05.07-18.33.50:269][330]LogEditorViewport: Clicking on Actor (LMB): BP_Sky_Sphere_C (Sky Sphere)
[2017.05.07-18.33.50:772][385]LogEditorViewport: Clicking on Actor (LMB): StaticMeshActor (Wall_Door_400x300)
[2017.05.07-18.34.01:245][604]LogEditorViewport: Clicking on Actor (LMB): StaticMeshActor (Wall_500x500)
[2017.05.07-18.34.04:001][927]Cmd: DELETE
[2017.05.07-18.34.04:001][927]Cmd: ACTOR DELETE
[2017.05.07-18.34.04:002][927]LogEditorActor: Deleted Actor: StaticMeshActor
[2017.05.07-18.34.04:012][927]LogEditorActor: Deleted 1 Actors (0.011 secs)
[2017.05.07-18.34.07:171][200]LogActorFactory: Actor Factory created Wall_400x300
[2017.05.07-18.34.08:189][318]LogActorFactory: Actor Factory created Wall_400x300
[2017.05.07-18.34.41:758][297]LogEditorViewport: Clicking on Actor (LMB): StaticMeshActor (Wall_400x300)
[2017.05.07-18.35.15:487][285]LogEditorViewport: Clicking on Actor (LMB): StaticMeshActor (Wall_400x303)
[2017.05.07-18.35.18:969][694]Cmd: TRANSACTION UNDO
[2017.05.07-18.35.18:969][694]LogEditorTransaction: Undo Move Actors
[2017.05.07-18.35.50:967][471]LogEditorViewport: Clicking on Actor (LMB): StaticMeshActor (Wall_400x306)
[2017.05.07-18.35.54:430][878]Cmd: TRANSACTION UNDO
[2017.05.07-18.35.54:430][878]LogEditorTransaction: Undo Move Actors
[2017.05.07-18.36.28:832][947]LogEditorViewport: Clicking on Actor (LMB): StaticMeshActor (Wall_Door_400x300)
[2017.05.07-18.36.32:807][414]LogEditorViewport: Clicking on Actor (LMB): StaticMeshActor (SM_DoorFrame)
[2017.05.07-18.36.55:288][812]LogActorFactory: Actor Factory created SM_Chair
[2017.05.07-18.36.55:901][869]LogActorFactory: Actor Factory created SM_Chair
[2017.05.07-18.37.05:059][953]MapCheck: New page: Map Check
[2017.05.07-18.37.05:085][953]LightingResults: New page: Lighting Build - May 7, 2017, 10:37:05 AM
[2017.05.07-18.37.05:375][953]LogSwarmInterface: [OpenConnection] Registering TCP channel ...
[2017.05.07-18.37.05:526][953]LogSwarmInterface: [OpenConnection] Connecting to agent ...
[2017.05.07-18.37.05:576][953]LogSwarmInterface: [TryOpenConnection] Testing the Agent
[2017.05.07-18.37.06:757][953]LogSwarmInterface: [TryOpenConnection] Opening Connection to Agent
[2017.05.07-18.37.06:757][953]LogSwarmInterface: [TryOpenConnection] Local Process ID is 4464
[2017.05.07-18.37.10:032][953]LogStaticLightingSystem:Warning: No importance volume found, so the scene bounding box was used.  You can optimize your scene's quality and lighting build times by adding importance volumes.
[2017.05.07-18.37.10:032][953]LogStaticLightingSystem: Running Lightmass w/ ImmediateImport mode ENABLED
[2017.05.07-18.37.10:032][953]LogStaticLightingSystem: Running Lightmass w/ ImmediateProcess mode ENABLED
[2017.05.07-18.37.10:032][953]LogStaticLightingSystem: Running Lightmass w/ Sorting mode ENABLED
[2017.05.07-18.37.10:032][953]LogStaticLightingSystem: Running Lightmass w/ Mapping paddings ENABLED
[2017.05.07-18.37.10:032][953]LogStaticLightingSystem: Running Lightmass w/ Mapping debug paddings DISABLED
[2017.05.07-18.37.10:351][953]LogEditorBuildUtils: Build time 0:05
[2017.05.07-18.37.10:356][953]LogMaterial: Missing cached shader map for material FLightmassMaterialRenderer DefaultMaterial, compiling. 
[2017.05.07-18.37.10:367][953]LogTemp:Display: Added material ShaderMap 0x00000152E9CCCB80 with Material 0x00000152D080C700 to ShaderMapsBeingCompiled
[2017.05.07-18.37.10:371][953]LogTemp:Display: Kicking off shader compilation for FLightmassMaterialRenderer DefaultMaterial, GameThreadShaderMap 0x00000152E9CCCB80
[2017.05.07-18.37.10:373][953]LogMaterial: Missing cached shader map for material FLightmassMaterialRenderer DefaultMaterial, compiling. 
[2017.05.07-18.37.10:374][953]LogTemp:Display: Added material ShaderMap 0x00000152F785BC80 with Material 0x00000153131FD900 to ShaderMapsBeingCompiled
[2017.05.07-18.37.10:376][953]LogTemp:Display: Kicking off shader compilation for FLightmassMaterialRenderer DefaultMaterial, GameThreadShaderMap 0x00000152F785BC80
[2017.05.07-18.37.10:391][954]LogMaterial: Missing cached shader map for material FLightmassMaterialRenderer MaterialInstanceDynamic_0, compiling. 
[2017.05.07-18.37.10:392][954]LogTemp:Display: Added material ShaderMap 0x00000152F785B580 with Material 0x00000152927A5600 to ShaderMapsBeingCompiled
[2017.05.07-18.37.10:396][954]LogTemp:Display: Kicking off shader compilation for FLightmassMaterialRenderer MaterialInstanceDynamic_0, GameThreadShaderMap 0x00000152F785B580
[2017.05.07-18.37.10:398][954]LogMaterial: Missing cached shader map for material FLightmassMaterialRenderer MaterialInstanceDynamic_0, compiling. 
[2017.05.07-18.37.10:400][954]LogTemp:Display: Added material ShaderMap 0x00000152E79A6B00 with Material 0x00000152927A5300 to ShaderMapsBeingCompiled
[2017.05.07-18.37.10:404][954]LogTemp:Display: Kicking off shader compilation for FLightmassMaterialRenderer MaterialInstanceDynamic_0, GameThreadShaderMap 0x00000152E79A6B00
[2017.05.07-18.37.10:430][955]LogMaterial: Missing cached shader map for material FLightmassMaterialRenderer M_Door, compiling. 
[2017.05.07-18.37.10:431][955]LogTemp:Display: Added material ShaderMap 0x00000152E79A5280 with Material 0x00000152928D0400 to ShaderMapsBeingCompiled
[2017.05.07-18.37.10:434][955]LogTemp:Display: Kicking off shader compilation for FLightmassMaterialRenderer M_Door, GameThreadShaderMap 0x00000152E79A5280
[2017.05.07-18.37.10:437][955]LogMaterial: Missing cached shader map for material FLightmassMaterialRenderer M_Door, compiling. 
[2017.05.07-18.37.10:439][955]LogTemp:Display: Added material ShaderMap 0x0000015292637900 with Material 0x00000152928D1900 to ShaderMapsBeingCompiled
[2017.05.07-18.37.10:442][955]LogTemp:Display: Kicking off shader compilation for FLightmassMaterialRenderer M_Door, GameThreadShaderMap 0x0000015292637900
[2017.05.07-18.37.10:458][956]LogMaterial: Missing cached shader map for material FLightmassMaterialRenderer M_Glass, compiling. 
[2017.05.07-18.37.10:459][956]LogTemp:Display: Added material ShaderMap 0x0000015292636400 with Material 0x00000152927A6B00 to ShaderMapsBeingCompiled
[2017.05.07-18.37.10:462][956]LogTemp:Display: Kicking off shader compilation for FLightmassMaterialRenderer M_Glass, GameThreadShaderMap 0x0000015292636400
[2017.05.07-18.37.10:466][956]LogMaterial: Missing cached shader map for material FLightmassMaterialRenderer M_Glass, compiling. 
[2017.05.07-18.37.10:467][956]LogTemp:Display: Added material ShaderMap 0x0000015292634F00 with Material 0x00000152928BFD00 to ShaderMapsBeingCompiled
[2017.05.07-18.37.10:470][956]LogTemp:Display: Kicking off shader compilation for FLightmassMaterialRenderer M_Glass, GameThreadShaderMap 0x0000015292634F00
[2017.05.07-18.37.10:491][957]LogMaterial: Missing cached shader map for material FLightmassMaterialRenderer M_Frame, compiling. 
[2017.05.07-18.37.10:492][957]LogTemp:Display: Added material ShaderMap 0x00000153194B7580 with Material 0x00000152927A7400 to ShaderMapsBeingCompiled
[2017.05.07-18.37.10:495][957]LogTemp:Display: Kicking off shader compilation for FLightmassMaterialRenderer M_Frame, GameThreadShaderMap 0x00000153194B7580
[2017.05.07-18.37.10:497][957]LogMaterial: Missing cached shader map for material FLightmassMaterialRenderer M_Frame, compiling. 
[2017.05.07-18.37.10:498][957]LogTemp:Display: Added material ShaderMap 0x00000153194B7200 with Material 0x00000152927A5900 to ShaderMapsBeingCompiled
[2017.05.07-18.37.10:501][957]LogTemp:Display: Kicking off shader compilation for FLightmassMaterialRenderer M_Frame, GameThreadShaderMap 0x00000153194B7200
[2017.05.07-18.37.10:518][958]LogMaterial: Missing cached shader map for material FLightmassMaterialRenderer M_Basic_Wall, compiling. 
[2017.05.07-18.37.10:519][958]LogTemp:Display: Added material ShaderMap 0x00000153194B4B80 with Material 0x000001529286FD00 to ShaderMapsBeingCompiled
[2017.05.07-18.37.10:522][958]LogTemp:Display: Kicking off shader compilation for FLightmassMaterialRenderer M_Basic_Wall, GameThreadShaderMap 0x00000153194B4B80
[2017.05.07-18.37.10:525][958]LogMaterial: Missing cached shader map for material FLightmassMaterialRenderer M_Basic_Wall, compiling. 
[2017.05.07-18.37.10:526][958]LogTemp:Display: Added material ShaderMap 0x00000152929F3580 with Material 0x000001529286E800 to ShaderMapsBeingCompiled
[2017.05.07-18.37.10:529][958]LogTemp:Display: Kicking off shader compilation for FLightmassMaterialRenderer M_Basic_Wall, GameThreadShaderMap 0x00000152929F3580
[2017.05.07-18.37.10:557][959]LogMaterial: Missing cached shader map for material FLightmassMaterialRenderer M_Chair, compiling. 
[2017.05.07-18.37.10:558][959]LogTemp:Display: Added material ShaderMap 0x00000152929F2080 with Material 0x00000152928BD300 to ShaderMapsBeingCompiled
[2017.05.07-18.37.10:560][959]LogTemp:Display: Kicking off shader compilation for FLightmassMaterialRenderer M_Chair, GameThreadShaderMap 0x00000152929F2080
[2017.05.07-18.37.10:563][959]LogMaterial: Missing cached shader map for material FLightmassMaterialRenderer M_Chair, compiling. 
[2017.05.07-18.37.10:564][959]LogTemp:Display: Added material ShaderMap 0x00000152929F0B80 with Material 0x00000152928BC100 to ShaderMapsBeingCompiled
[2017.05.07-18.37.10:566][959]LogTemp:Display: Kicking off shader compilation for FLightmassMaterialRenderer M_Chair, GameThreadShaderMap 0x00000152929F0B80
[2017.05.07-18.37.10:583][960]LogMaterial: Missing cached shader map for material FLightmassMaterialRenderer WorldGridMaterial, compiling. Is special engine material.
[2017.05.07-18.37.10:584][960]LogTemp:Display: Added material ShaderMap 0x00000152E0F17580 with Material 0x00000152928BD900 to ShaderMapsBeingCompiled
[2017.05.07-18.37.10:586][960]LogTemp:Display: Kicking off shader compilation for FLightmassMaterialRenderer WorldGridMaterial, GameThreadShaderMap 0x00000152E0F17580
[2017.05.07-18.37.10:589][960]LogMaterial: Missing cached shader map for material FLightmassMaterialRenderer WorldGridMaterial, compiling. Is special engine material.
[2017.05.07-18.37.10:589][960]LogTemp:Display: Added material ShaderMap 0x00000152E0F15D00 with Material 0x00000152928BDF00 to ShaderMapsBeingCompiled
[2017.05.07-18.37.10:592][960]LogTemp:Display: Kicking off shader compilation for FLightmassMaterialRenderer WorldGridMaterial, GameThreadShaderMap 0x00000152E0F15D00
[2017.05.07-18.37.12:261][961]LogTemp:Display: Finished compile of shader map 0x00000152F785B580
[2017.05.07-18.37.12:261][961]LogTemp:Display: Shader map FLightmassMaterialRenderer MaterialInstanceDynamic_0 complete, GameThreadShaderMap 0x00000152F785B580, marking material FLightmassMaterialRenderer MaterialInstanceDynamic_0 as finished
[2017.05.07-18.37.12:262][961]LogTemp:Display: Marking material as finished 0x00000152927A5600
[2017.05.07-18.37.12:263][961]LogTemp:Display: Finished compile of shader map 0x00000152F785BC80
[2017.05.07-18.37.12:263][961]LogTemp:Display: Shader map FLightmassMaterialRenderer DefaultMaterial complete, GameThreadShaderMap 0x00000152F785BC80, marking material FLightmassMaterialRenderer DefaultMaterial as finished
[2017.05.07-18.37.12:264][961]LogTemp:Display: Marking material as finished 0x00000153131FD900
[2017.05.07-18.37.12:266][961]LogTemp:Display: Finished compile of shader map 0x0000015292637900
[2017.05.07-18.37.12:266][961]LogTemp:Display: Shader map FLightmassMaterialRenderer M_Door complete, GameThreadShaderMap 0x0000015292637900, marking material FLightmassMaterialRenderer M_Door as finished
[2017.05.07-18.37.12:266][961]LogTemp:Display: Marking material as finished 0x00000152928D1900
[2017.05.07-18.37.12:268][961]LogTemp:Display: Finished compile of shader map 0x0000015292636400
[2017.05.07-18.37.12:268][961]LogTemp:Display: Shader map FLightmassMaterialRenderer M_Glass complete, GameThreadShaderMap 0x0000015292636400, marking material FLightmassMaterialRenderer M_Glass as finished
[2017.05.07-18.37.12:269][961]LogTemp:Display: Marking material as finished 0x00000152927A6B00
[2017.05.07-18.37.12:271][961]LogTemp:Display: Finished compile of shader map 0x0000015292634F00
[2017.05.07-18.37.12:272][961]LogTemp:Display: Shader map FLightmassMaterialRenderer M_Glass complete, GameThreadShaderMap 0x0000015292634F00, marking material FLightmassMaterialRenderer M_Glass as finished
[2017.05.07-18.37.12:272][961]LogTemp:Display: Marking material as finished 0x00000152928BFD00
[2017.05.07-18.37.12:274][961]LogTemp:Display: Finished compile of shader map 0x00000153194B7200
[2017.05.07-18.37.12:275][961]LogTemp:Display: Shader map FLightmassMaterialRenderer M_Frame complete, GameThreadShaderMap 0x00000153194B7200, marking material FLightmassMaterialRenderer M_Frame as finished
[2017.05.07-18.37.12:275][961]LogTemp:Display: Marking material as finished 0x00000152927A5900
[2017.05.07-18.37.12:277][961]LogTemp:Display: Finished compile of shader map 0x00000153194B7580
[2017.05.07-18.37.12:278][961]LogTemp:Display: Shader map FLightmassMaterialRenderer M_Frame complete, GameThreadShaderMap 0x00000153194B7580, marking material FLightmassMaterialRenderer M_Frame as finished
[2017.05.07-18.37.12:278][961]LogTemp:Display: Marking material as finished 0x00000152927A7400
[2017.05.07-18.37.12:280][961]LogTemp:Display: Finished compile of shader map 0x00000153194B4B80
[2017.05.07-18.37.12:280][961]LogTemp:Display: Shader map FLightmassMaterialRenderer M_Basic_Wall complete, GameThreadShaderMap 0x00000153194B4B80, marking material FLightmassMaterialRenderer M_Basic_Wall as finished
[2017.05.07-18.37.12:281][961]LogTemp:Display: Marking material as finished 0x000001529286FD00
[2017.05.07-18.37.12:283][961]LogTemp:Display: Finished compile of shader map 0x00000152929F3580
[2017.05.07-18.37.12:283][961]LogTemp:Display: Shader map FLightmassMaterialRenderer M_Basic_Wall complete, GameThreadShaderMap 0x00000152929F3580, marking material FLightmassMaterialRenderer M_Basic_Wall as finished
[2017.05.07-18.37.12:283][961]LogTemp:Display: Marking material as finished 0x000001529286E800
[2017.05.07-18.37.12:286][961]LogTemp:Display: Finished compile of shader map 0x00000152E9CCCB80
[2017.05.07-18.37.12:286][961]LogTemp:Display: Shader map FLightmassMaterialRenderer DefaultMaterial complete, GameThreadShaderMap 0x00000152E9CCCB80, marking material FLightmassMaterialRenderer DefaultMaterial as finished
[2017.05.07-18.37.12:286][961]LogTemp:Display: Marking material as finished 0x00000152D080C700
[2017.05.07-18.37.12:289][961]LogTemp:Display: Finished compile of shader map 0x00000152E79A5280
[2017.05.07-18.37.12:289][961]LogTemp:Display: Shader map FLightmassMaterialRenderer M_Door complete, GameThreadShaderMap 0x00000152E79A5280, marking material FLightmassMaterialRenderer M_Door as finished
[2017.05.07-18.37.12:289][961]LogTemp:Display: Marking material as finished 0x00000152928D0400
[2017.05.07-18.37.12:292][961]LogTemp:Display: Finished compile of shader map 0x00000152E79A6B00
[2017.05.07-18.37.12:292][961]LogTemp:Display: Shader map FLightmassMaterialRenderer MaterialInstanceDynamic_0 complete, GameThreadShaderMap 0x00000152E79A6B00, marking material FLightmassMaterialRenderer MaterialInstanceDynamic_0 as finished
[2017.05.07-18.37.12:292][961]LogTemp:Display: Marking material as finished 0x00000152927A5300
[2017.05.07-18.37.12:295][961]LogTemp:Display: Finished compile of shader map 0x00000152929F2080
[2017.05.07-18.37.12:295][961]LogTemp:Display: Shader map FLightmassMaterialRenderer M_Chair complete, GameThreadShaderMap 0x00000152929F2080, marking material FLightmassMaterialRenderer M_Chair as finished
[2017.05.07-18.37.12:295][961]LogTemp:Display: Marking material as finished 0x00000152928BD300
[2017.05.07-18.37.12:297][961]LogTemp:Display: Finished compile of shader map 0x00000152929F0B80
[2017.05.07-18.37.12:297][961]LogTemp:Display: Shader map FLightmassMaterialRenderer M_Chair complete, GameThreadShaderMap 0x00000152929F0B80, marking material FLightmassMaterialRenderer M_Chair as finished
[2017.05.07-18.37.12:298][961]LogTemp:Display: Marking material as finished 0x00000152928BC100
[2017.05.07-18.37.12:301][961]LogTemp:Display: Finished compile of shader map 0x00000152E0F17580
[2017.05.07-18.37.12:301][961]LogTemp:Display: Shader map FLightmassMaterialRenderer WorldGridMaterial complete, GameThreadShaderMap 0x00000152E0F17580, marking material FLightmassMaterialRenderer WorldGridMaterial as finished
[2017.05.07-18.37.12:301][961]LogTemp:Display: Marking material as finished 0x00000152928BD900
[2017.05.07-18.37.12:304][961]LogTemp:Display: Finished compile of shader map 0x00000152E0F15D00
[2017.05.07-18.37.12:304][961]LogTemp:Display: Shader map FLightmassMaterialRenderer WorldGridMaterial complete, GameThreadShaderMap 0x00000152E0F15D00, marking material FLightmassMaterialRenderer WorldGridMaterial as finished
[2017.05.07-18.37.12:304][961]LogTemp:Display: Marking material as finished 0x00000152928BDF00
[2017.05.07-18.37.15:628][154]Job is a success!
[2017.05.07-18.37.15:910][155]LogTexture:Display: Building textures: HQ_Lightmap0_1 (AutoDXT, 1024X1024) - 218 MB total VRAM
[2017.05.07-18.37.15:910][155]LogTexture:Display: Building textures: LQ_Lightmap_0_1 (DXT1, 1024X1024) - 218 MB total VRAM
[2017.05.07-18.37.15:910][155]LogTexture:Display: Building textures: HQ_Lightmap0_2 (AutoDXT, 64X64) - 218 MB total VRAM
[2017.05.07-18.37.15:910][155]LogTexture:Display: Building textures: LQ_Lightmap_0_2 (DXT1, 64X64) - 218 MB total VRAM
[2017.05.07-18.37.15:910][155]LogTexture:Display: Building textures: ShadowMapTexture2D_1 (G8, 32X32) - 218 MB total VRAM
[2017.05.07-18.37.15:940][155]LogTexture:Display: Building textures: ShadowMapTexture2D_0 (BGRA8, 1024X256) - 218 MB total VRAM
[2017.05.07-18.37.15:983][155]Lightmass on DESKMONSTER-66O: 1.91 sec total, 160 ms importing, 21 ms setup, 697 ms photons, 1.00 sec processing, 0 ms extra exporting [17/17 mappings]. Threads: 13.9 sec total, 3.10 sec processing.
[2017.05.07-18.37.15:999][155]LogStaticLightingSystem: Illumination: 10.8 sec (167 ms encoding lightmaps, 59 ms encoding shadowmaps)
[2017.05.07-18.37.16:000][155]LogStaticLightingSystem: Lightmap texture memory:  2.0 MB (2.0 MB streaming, 0.0 MB non-streaming), 4 textures
[2017.05.07-18.37.16:000][155]LogStaticLightingSystem: Shadowmap texture memory: 1.3 MB (1.3 MB streaming, 0.0 MB non-streaming), 2 textures
[2017.05.07-18.37.16:010][155]DumpUnbuiltLightIteractions
[2017.05.07-18.37.16:010][155]Lights with unbuilt interactions: 0
[2017.05.07-18.37.16:010][155]
[2017.05.07-18.37.16:010][155]Primitives with unbuilt interactions: 0
[2017.05.07-18.37.16:017][156]Cmd: MAP CHECK NOTIFYRESULTS
[2017.05.07-18.37.16:018][156]MapCheck: New page: Room - May 7, 2017, 10:37:16 AM
[2017.05.07-18.37.16:118][156]MapCheck: Info Map check complete: 0 Error(s), 0 Warning(s), took 100.753ms to complete.
[2017.05.07-18.37.24:565][154]LogEditorViewport: Clicking on Actor (LMB): StaticMeshActor (Wall_400x303)
[2017.05.07-18.37.30:775][889]LogEditorViewport: Clicking on Actor (LMB): StaticMeshActor (Wall_400x304)
[2017.05.07-18.37.41:524][164]LogEditorViewport: Clicking on Actor (LMB): StaticMeshActor (Wall_400x307)
[2017.05.07-18.37.49:789][140]LogEditorViewport: Clicking on Actor (LMB): StaticMeshActor (Wall_400x308)
[2017.05.07-18.37.55:185][776]LogEditorViewport: Clicking on Actor (LMB): BP_Sky_Sphere_C (Sky Sphere)
[2017.05.07-18.37.57:146][  5]LogEditorViewport: Clicking on Actor (LMB): StaticMeshActor (Wall_400x310)
[2017.05.07-18.38.07:768][261]LogEditorViewport: Clicking on Actor (LMB): BP_Sky_Sphere_C (Sky Sphere)
[2017.05.07-18.38.11:166][660]MapCheck: New page: Map Check
[2017.05.07-18.38.11:173][660]LightingResults: New page: Lighting Build - May 7, 2017, 10:38:11 AM
[2017.05.07-18.38.11:183][660]LogSwarmInterface: [OpenConnection] Registering TCP channel ...
[2017.05.07-18.38.11:186][660]LogSwarmInterface: [OpenConnection] Connecting to agent ...
[2017.05.07-18.38.11:187][660]LogSwarmInterface: [TryOpenConnection] Testing the Agent
[2017.05.07-18.38.11:188][660]LogSwarmInterface: [TryOpenConnection] Opening Connection to Agent
[2017.05.07-18.38.11:188][660]LogSwarmInterface: [TryOpenConnection] Local Process ID is 4464
[2017.05.07-18.38.15:721][660]LogStaticLightingSystem:Warning: No importance volume found, so the scene bounding box was used.  You can optimize your scene's quality and lighting build times by adding importance volumes.
[2017.05.07-18.38.15:722][660]LogStaticLightingSystem: Running Lightmass w/ ImmediateImport mode ENABLED
[2017.05.07-18.38.15:722][660]LogStaticLightingSystem: Running Lightmass w/ ImmediateProcess mode ENABLED
[2017.05.07-18.38.15:722][660]LogStaticLightingSystem: Running Lightmass w/ Sorting mode ENABLED
[2017.05.07-18.38.15:722][660]LogStaticLightingSystem: Running Lightmass w/ Mapping paddings ENABLED
[2017.05.07-18.38.15:722][660]LogStaticLightingSystem: Running Lightmass w/ Mapping debug paddings DISABLED
[2017.05.07-18.38.15:824][660]LogEditorBuildUtils: Build time 0:04
[2017.05.07-18.38.18:044][836]Job is a success!
[2017.05.07-18.38.18:291][837]LogTexture:Display: Building textures: HQ_Lightmap1_1 (AutoDXT, 1024X1024) - 220 MB total VRAM
[2017.05.07-18.38.18:291][837]LogTexture:Display: Building textures: LQ_Lightmap_1_1 (DXT1, 1024X1024) - 220 MB total VRAM
[2017.05.07-18.38.18:291][837]LogTexture:Display: Building textures: HQ_Lightmap1_2 (AutoDXT, 64X64) - 220 MB total VRAM
[2017.05.07-18.38.18:292][837]LogTexture:Display: Building textures: LQ_Lightmap_1_2 (DXT1, 64X64) - 220 MB total VRAM
[2017.05.07-18.38.18:292][837]LogTexture:Display: Building textures: ShadowMapTexture2D_3 (G8, 32X32) - 220 MB total VRAM
[2017.05.07-18.38.18:293][837]LogTexture:Display: Building textures: ShadowMapTexture2D_2 (BGRA8, 1024X256) - 220 MB total VRAM
[2017.05.07-18.38.18:321][837]Lightmass on DESKMONSTER-66O: 1.95 sec total, 136 ms importing, 20 ms setup, 748 ms photons, 1.01 sec processing, 0 ms extra exporting [17/17 mappings]. Threads: 13.8 sec total, 3.41 sec processing.
[2017.05.07-18.38.18:328][837]LogStaticLightingSystem: Illumination: 7.13 sec (150 ms encoding lightmaps, 57 ms encoding shadowmaps)
[2017.05.07-18.38.18:328][837]LogStaticLightingSystem: Lightmap texture memory:  2.0 MB (2.0 MB streaming, 0.0 MB non-streaming), 4 textures
[2017.05.07-18.38.18:328][837]LogStaticLightingSystem: Shadowmap texture memory: 1.3 MB (1.3 MB streaming, 0.0 MB non-streaming), 2 textures
[2017.05.07-18.38.18:730][837]DumpUnbuiltLightIteractions
[2017.05.07-18.38.18:730][837]Lights with unbuilt interactions: 0
[2017.05.07-18.38.18:730][837]
[2017.05.07-18.38.18:730][837]Primitives with unbuilt interactions: 0
[2017.05.07-18.38.18:739][838]Cmd: MAP CHECK NOTIFYRESULTS
[2017.05.07-18.38.18:739][838]MapCheck: New page: Room - May 7, 2017, 10:38:18 AM
[2017.05.07-18.38.18:817][838]MapCheck: Info Map check complete: 0 Error(s), 0 Warning(s), took 77.616ms to complete.
[2017.05.07-18.38.29:312][ 42]Cmd: OBJ SAVEPACKAGE PACKAGE="/Game/Scenes/Room" FILE="../../../../../../Users/delta/Desktop/Repos/URCuric/BuildingEscape/Content/Scenes/Room.umap" SILENT=true AUTOSAVING=false KEEPDIRTY=false
[2017.05.07-18.38.29:361][ 42]LogSavePackage: Save=31.46ms
[2017.05.07-18.38.29:362][ 42]LogSavePackage: Moving '../../../../../../Users/delta/Desktop/Repos/URCuric/BuildingEscape/Saved/Room7E8114B84924CEE03373209A77269022.tmp' to '../../../../../../Users/delta/Desktop/Repos/URCuric/BuildingEscape/Content/Scenes/Room.umap'
[2017.05.07-18.38.29:366][ 42]LogSavePackage:Display: Finished SavePackage ../../../../../../Users/delta/Desktop/Repos/URCuric/BuildingEscape/Content/Scenes/Room.umap
[2017.05.07-18.38.29:383][ 42]LogFileHelpers: Saving map 'Room' took 0.146
[2017.05.07-18.38.29:385][ 42]Cmd: OBJ SAVEPACKAGE PACKAGE="/Game/Scenes/Room_BuiltData" FILE="../../../../../../Users/delta/Desktop/Repos/URCuric/BuildingEscape/Content/Scenes/Room_BuiltData.uasset" SILENT=true
[2017.05.07-18.38.29:433][ 42]LogSavePackage: Save=44.68ms
[2017.05.07-18.38.29:433][ 42]LogSavePackage: Moving '../../../../../../Users/delta/Desktop/Repos/URCuric/BuildingEscape/Saved/Room_BuiltData5434093143604752B05FA3ADA9A98976.tmp' to '../../../../../../Users/delta/Desktop/Repos/URCuric/BuildingEscape/Content/Scenes/Room_BuiltData.uasset'
[2017.05.07-18.38.29:437][ 42]LogSavePackage:Display: Finished SavePackage ../../../../../../Users/delta/Desktop/Repos/URCuric/BuildingEscape/Content/Scenes/Room_BuiltData.uasset
